 -----------------------------------------------------------
   #####   #   ####   #    #      ####           #    
   #    #  #  #    #  ##  ##  #  #    #          #    
   #    #  #  #       # ## #     #         ##    #    
   #####   #   ####   # ## #  #  #           #   #    
   # #     #       #  #    #  #  #        ####   #    
   #  #    #  #    #  #    #  #  #    #  #   #   #    
   #    #  #   ####   #    #  #   ####    ### #  ##   
                                                      
                                                      
  The Reference Interaction Site-Model integrated Calculator
  Copyright(C) 2021 -- Norio Yoshida -- All Rights Reserved.
 -----------------------------------------------------------
 
     RISMiCal home dir:/Users/noriwo/software/RISMiCal/

  -------------------------------------------------
     3D-RISM run for solute-solvent system
  -------------------------------------------------

    ======= Computational Conditions =======
    Closure Equation       : KH 
    Maximum Iteration      :       300
    Convergence Criterion  :  1.0000E-05
    Use CHARGEUP Procedure : OFF
    Guess of tau-bond      : F-BOND   
      --------------------------------------
Grid preset       :USER                    
Number of 3D-Grid :          32
 3D-Grid width    :      1.0000  [A]
      --------------------------------------
 -----------------------------------------------
             Solute parameters
 -----------------------------------------------
Number of solute site:   3
ATOM sig[Angs]   eps[J/mol]  charge[e]    ---X---     ---Y---     ---Z---   
O         3.15000   636.00000    -0.83400     0.00000     0.00000     0.00000
H         0.40000   192.50000     0.41700     0.00000     0.75670     0.58588
H         0.40000   192.50000     0.41700     0.00000    -0.75670     0.58588
 -----------------------------------------------
             Solvent parameters
 -----------------------------------------------
Number of solvnt site:   3
ATOM SPC sig[Angs]   eps[J/mol]  charge[e]    ---X---     ---Y---     ---Z---    density[M] 
O      1     3.15000   636.00000    -0.83400     0.00000     0.00000     0.00000    55.50000
H      1     0.40000   192.50000     0.41700     0.00000     0.75670     0.58588    55.50000
H      1     0.40000   192.50000     0.41700     0.00000    -0.75670     0.58588    55.50000
Temperature :   298.00000[K]
 Solvent xvv file:h2o_vv.xvk

    Solvent Symmetry        : Applyed

    ========== u-v 3drism ==========

    temperature      : 298.00000[k]
    charge up factor :   1.00000

   itr      residual       #-sub min      dump
         1      0.309943927325     1  T     0.30000
         2      0.314777088372     2  F     0.30000
         3      0.081298931190     3  T     0.30000
         4      0.042419430268     4  T     0.30000
         5      0.028136049481     5  T     0.30000
         6      0.019334884516     6  T     0.30000
         7      0.013383629486     7  T     0.30000
         8      0.008141163916     8  T     0.30000
         9      0.006730837422     9  T     0.30000
        10      0.005667042848    10  T     0.30000
        11      0.005000479482    10  T     0.30000
        12      0.004610502767    10  T     0.30000
        13      0.004285156365    10  T     0.30000
        14      0.003714166088    10  T     0.30000
        15      0.002939591940    10  T     0.30000
        16      0.002310829481    10  T     0.30000
        17      0.001670061933    10  T     0.30000
        18      0.001148804220    10  T     0.30000
        19      0.000742756522    10  T     0.30000
        20      0.000504206332    10  T     0.30000
        21      0.000271983567    10  T     0.30000
        22      0.000196002286    10  T     0.30000
        23      0.000126768559    10  T     0.30000
        24      0.000057053518    10  T     0.30000
        25      0.000028310323    10  T     0.30000
        26      0.000014728400    10  T     0.30000
        27      0.000007183075     0  x    converged

    rism cycle is converged

    Total Solvent Charge:     -0.05997494

    ======= Physical Property of U-V System =======

    Solvation Free Energy         :  -18.146073    [kJ/mol]

    Solvation Free Energy(GF)     :  -27.488288    [kJ/mol]

    Solute-Solvent Binding Energy :  -91.387530    [kJ/mol]

    UV Binding Energy Component LJ:   9.9142828    [kJ/mol]

    UV Binding Energy Component ES:  -101.30181    [kJ/mol]

    Solvation Free Energy(UC)     :  -4336.6755    [kJ/mol]    UC param: A=  -4.5799999    [kJ/mol], B=  0.34000000    [kJ/mol]
    Solvation Free Energy(GF-UC)  :  -6568.9646    [kJ/mol]    UC param: A=  -3.1600001    [kJ/mol], B=  0.89399999    [kJ/mol]

    ======= Solvation Free Energy Component  =======
       1:   109.07686    [kJ/mol]
       2:  -63.611468    [kJ/mol]
       3:  -63.611468    [kJ/mol]

    ======= GF Solvation Free Energy Component =====
       1:   105.17924    [kJ/mol]
       2:  -66.333766    [kJ/mol]
       3:  -66.333766    [kJ/mol]

    ============= Partial Molar Volume =============
    Partial Molar Volume       =   0.7949E-05 [L/mol]
    Isothermal Compressibility =   0.4815     [/GPa]
 
 -----------------------------------------------------------
         RISMiCal computation is completed normally.        
            --- Keep casting, tight lines. ---              
 -----------------------------------------------------------
  Users must cite the following papers for any publications,
  which include the results obtained with RISMiCal code.    
  References:                                               
 N. Yoshida, IOP Conf. Series: Mat. Sci. Eng.773 (2020)
  012062 (DOI:10.1088/1757-899X/773/1/012062)  
 N. Yoshida, J. Chem. Info. Model 57 (2017) 2646-2656 
 (DOI:10.1021/acs.jcim.7b00389)  
 N. Yoshida, J. Chem. Phys. 140 (2014) 214118 (DOI: 10.1063/1.4879795)  
 -----------------------------------------------------------
