 -----------------------------------------------------------
   #####   #   ####   #    #      ####           #    
   #    #  #  #    #  ##  ##  #  #    #          #    
   #    #  #  #       # ## #     #         ##    #    
   #####   #   ####   # ## #  #  #           #   #    
   # #     #       #  #    #  #  #        ####   #    
   #  #    #  #    #  #    #  #  #    #  #   #   #    
   #    #  #   ####   #    #  #   ####    ### #  ##   
                                                      
                                                      
  The Reference Interaction Site-Model integrated Calculator
  Copyright(C) 2021 -- Norio Yoshida -- All Rights Reserved.
 -----------------------------------------------------------

     RISMiCal home dir:/home/noriwo/software/RISMiCal

  -------------------------------------------------
     1D-RISM run for solute-solvent system
  -------------------------------------------------

    ======= Computational Conditions =======
    Closure Equation       : KH 
    Maximum Iteration      :       300
    Convergence Criterion  :  1.0000E-08
    Use CHARGEUP Procedure : OFF
    Guess of tau-bond      : F-BOND   
 -----------------------------------------------
             Solute parameters
 -----------------------------------------------
Number of solute site:   3
ATOM sig[Angs]   eps[J/mol]  charge[e]    ---X---     ---Y---     ---Z---   
O         3.10033   276.14400    -0.83400     0.00000     0.00000     0.00000
H         2.67270   196.64800     0.41700     0.00000     0.75670     0.58588
H         2.67270   196.64800     0.41700     0.00000    -0.75670     0.58588
 -----------------------------------------------
             Solvent parameters
 -----------------------------------------------
Number of solvnt site:   3
ATOM SPC sig[Angs]   eps[J/mol]  charge[e]    ---X---     ---Y---     ---Z---    density[M] 
O      1   1     3.15000   636.00000    -0.83400     0.00000     0.00000     0.00000    54.00000
H      1   2     0.40000   192.50000     0.41700     0.00000     0.75670     0.58588    54.00000
H      1  -2     0.40000   192.50000     0.41700     0.00000    -0.75670     0.58588    54.00000
Temperature :   298.00000[K]
 Solvent xvv file:h2o_vv.xvk

    ========== U-V 1DRISM ==========

    Temperature      : 298.00000[K]
    Charge Up Factor :   1.00000

   ITR      RESIDUAL       #-SUB MIN      DUMP
         1      4.384504068382     1  T     0.02281
         2      1.335738844547     2  T     0.07486
         3      1.346077198212     3  F     0.07429
         4      0.628808224853     4  T     0.15903
         5      0.341958006505     5  T     0.29243
         6      0.303266143171     6  T     0.30000
         7      0.191674758710     7  T     0.30000
         8      0.132878782222     8  T     0.30000
         9      0.069655712231     9  T     0.30000
        10      0.045452919357    10  T     0.30000
        11      0.045830319157    10  F     0.30000
        12      0.060013023117    10  F     0.30000
        13      0.055077821441    10  F     0.30000
        14      0.040265363983    10  T     0.30000
        15      0.032442559203    10  T     0.30000
        16      0.026607718168    10  T     0.30000
        17      0.035666264974    10  F     0.30000
        18      0.074937179487    10  F     0.30000
        19      0.065689815959    10  F     0.30000
        20      0.039113816211    10  F     0.30000
        21      0.012232605166    10  T     0.30000
        22      0.012953699942    10  F     0.30000
        23      0.008280904611    10  T     0.30000
        24      0.005440163486    10  T     0.30000
        25      0.003427124365    10  T     0.30000
        26      0.002531565356    10  T     0.30000
        27      0.001136982995    10  T     0.30000
        28      0.000670969333    10  T     0.30000
        29      0.000349889663    10  T     0.30000
        30      0.000130827242    10  T     0.30000
        31      0.000080792234    10  T     0.30000
        32      0.000020061429    10  T     0.30000
        33      0.000009453950    10  T     0.30000
        34      0.000001843105    10  T     0.30000
        35      0.000000758484    10  T     0.30000
        36      0.000000568009    10  T     0.30000
        37      0.000000236514    10  T     0.30000
        38      0.000000063262    10  T     0.30000
        39      0.000000035113    10  T     0.30000
        40      0.000000015938    10  T     0.30000
        41      0.000000003450     0  X    CONVERGED

    RISM CYCLE IS CONVERGED

    ======= Physical Property of U-V System =======

    Excess Chemical Potential :    -20.72538600[kJ/mol]
                      RBC/TPT :
                    ----->O   :    -78.30966410[kJ/mol]
                    ----->H   :     28.79213905[kJ/mol]
                    ----->H   :     28.79213905[kJ/mol]

    GF Form Ex.Chem.Pot.      :    -40.36756786[kJ/mol]
     Site Contribution (On Solute Site)
                    ----->O   :    -86.40253259[kJ/mol]
                    ----->H   :     23.01748237[kJ/mol]
                    ----->H   :     23.01748237[kJ/mol]

    U-V Binding Energy        :   -115.79512658[kJ/mol]
     Site Contribution (On Solute Site)
                    ----->O   :   -163.26844718[kJ/mol]
                    ----->H   :     23.73666030[kJ/mol]
                    ----->H   :     23.73666030[kJ/mol]

    Electrostatic Intraction  : -0.12694651E+03[kJ/mol]
     Site Contribution (On Solute Site)
                    ----->O   : -0.17838729E+03[kJ/mol]
                    ----->H   :  0.25720394E+02[kJ/mol]
                    ----->H   :  0.25720394E+02[kJ/mol]

    Coordination Number 
     U\V      O   [Radius ]    H   [Radius ]
     O     6.19396[  3.750] 1.35193[  2.000]
     H    11.94348[  4.550]31.95652[  5.000]
     H    11.94348[  4.550]31.95652[  5.000]

    Excess Chemical Potential Components [kJ/mol]
    U\V                O               H   
        O       8283413.34716  -8283491.65683
        H      -4141679.05599   4141707.84813
        H      -4141679.05599   4141707.84813

    ============= Partial Molar Volume =============
    Partial Molar Volume       =   0.22998894E-01 [L/mol]
    Isothermal Compressibility =   0.54998896     [/GPa]

 -----------------------------------------------------------
         RISMiCal computation is completed normally.        
            --- Keep casting, tight lines. ---              
 -----------------------------------------------------------
  Users must cite the following papers for any publications,
  which include the results obtained with RISMiCal code.    
  References:                                               
 N. Yoshida, IOP Conf. Series: Mat. Sci. Eng.773 (2020) 012062 (DOI:10.1088/1757-899X/773/1/012062)  
 N. Yoshida, J. Chem. Info. Model 57 (2017) 2646-2656 (DOI:10.1021/acs.jcim.7b00389)  
 N. Yoshida, J. Chem. Phys. 140 (2014) 214118 (DOI: 10.1063/1.4879795)  
 -----------------------------------------------------------
