 -----------------------------------------------------------
   #####   #   ####   #    #      ####           #    
   #    #  #  #    #  ##  ##  #  #    #          #    
   #    #  #  #       # ## #     #         ##    #    
   #####   #   ####   # ## #  #  #           #   #    
   # #     #       #  #    #  #  #        ####   #    
   #  #    #  #    #  #    #  #  #    #  #   #   #    
   #    #  #   ####   #    #  #   ####    ### #  ##   
                                                      
                                                      
  The Reference Interaction Site-Model integrated Calculator
  Copyright(C) 2021 -- Norio Yoshida -- All Rights Reserved.
 -----------------------------------------------------------

     RISMiCal home dir:/Users/noriwo/software/RISMiCal/

  -------------------------------------------------
    1D-RISM run for solvent-solvent system
  -------------------------------------------------

    ======= Computational Conditions =======
    Closure Equation       : KH 
    Maximum Iteration      :       300
    Convergence Criterion  :  1.0000E-08
    Use CHARGEUP Procedure : ON 
    Guess of tau-bond      : F-BOND   
    --------------------------------------
    Grid preset       :USER                    
    Number of 1D-Grid :        4096
     Grid width       :      0.0500  [A]
    --------------------------------------
    -----------------------------------------------
                 Solvent parameters
    -----------------------------------------------
    Solvent species:   1    Total number of solvent site:   3
      Density[M]  : Solvent
        54.00000    tip3p                                                                           
    Temperature :   298.00000 [K]
    ATOM SPC sig[Angs]   eps[J/mol]  charge[e]    ---X---     ---Y---     ---Z---    density[M] 
    O      1     3.15000   636.00000    -0.83400     0.00000     0.00000     0.00000    54.00000
    H      1     0.40000   192.50000     0.41700     0.00000     0.75670     0.58588    54.00000
    H      1     0.40000   192.50000     0.41700     0.00000    -0.75670     0.58588    54.00000

    ========== V-V 1DRISM ==========

    Temperature      : 298.00000[K]
    Charge Up Factor :   0.00000

   ITR      RESIDUAL       #-SUB MIN      DUMP
         1      0.071436716702     1  T     0.20000
         2      0.119399272598     2  F     0.20000
         3      0.025793795126     3  T     0.20000
         4      0.037186605868     4  F     0.20000
         5      0.036983633963     5  F     0.20000
         6      0.028352333209     6  F     0.20000
         7      0.013811668555     7  T     0.20000
         8      0.012679838620     8  T     0.20000
         9      0.008714605159     9  T     0.20000
        10      0.003835936035    10  T     0.20000
        11      0.003093296325    10  T     0.20000
        12      0.002969841756    10  T     0.20000
        13      0.003799499890    10  F     0.20000
        14      0.001732119639    10  T     0.20000
        15      0.001114637148    10  T     0.20000
        16      0.000137850559    10  T     0.20000
        17      0.000041316323    10  T     0.20000
        18      0.000008153610     0  X    CONVERGED

    RISM CYCLE IS CONVERGED

    ========== V-V 1DRISM ==========

    Temperature      : 298.00000[K]
    Charge Up Factor :   0.20000

   ITR      RESIDUAL       #-SUB MIN      DUMP
         1      0.391442404938     1  T     0.20000
         2      0.206642842620     2  T     0.20000
         3      0.275340398826     3  F     0.20000
         4      0.147581255970     4  T     0.20000
         5      0.059277833327     5  T     0.20000
         6      0.109958325371     6  F     0.20000
         7      0.121693964988     7  F     0.20000
         8      0.060832635392     8  F     0.20000
         9      0.046498477731     9  T     0.20000
        10      0.050799349488    10  F     0.20000
        11      0.013423124384    10  T     0.20000
        12      0.033157046400    10  F     0.20000
        13      0.031078500945    10  F     0.20000
        14      0.019788987276    10  F     0.20000
        15      0.008652837881    10  T     0.20000
        16      0.010109966570    10  F     0.20000
        17      0.005868831639    10  T     0.20000
        18      0.012153819383    10  F     0.20000
        19      0.001605987105    10  T     0.20000
        20      0.002134945051    10  F     0.20000
        21      0.000127997305    10  T     0.20000
        22      0.000050397863    10  T     0.20000
        23      0.000056556450    10  F     0.20000
        24      0.000044678135    10  T     0.20000
        25      0.000016079953    10  T     0.20000
        26      0.000010588820    10  T     0.20000
        27      0.000001253196     0  X    CONVERGED

    RISM CYCLE IS CONVERGED

    ========== V-V 1DRISM ==========

    Temperature      : 298.00000[K]
    Charge Up Factor :   0.40000

   ITR      RESIDUAL       #-SUB MIN      DUMP
         1      0.393533834742     1  T     0.20000
         2      0.184434786536     2  T     0.20000
         3      0.258330389495     3  F     0.20000
         4      0.112654854521     4  T     0.20000
         5      0.039888314603     5  T     0.20000
         6      0.079898480755     6  F     0.20000
         7      0.086958672018     7  F     0.20000
         8      0.030986592002     8  T     0.20000
         9      0.040618230011     9  F     0.20000
        10      0.044608912709    10  F     0.20000
        11      0.015885617835    10  T     0.20000
        12      0.036295614784    10  F     0.20000
        13      0.034901659180    10  F     0.20000
        14      0.026063437392    10  F     0.20000
        15      0.013504694044    10  T     0.20000
        16      0.010722980645    10  T     0.20000
        17      0.007691591604    10  T     0.20000
        18      0.005293424329    10  T     0.20000
        19      0.009490985897    10  F     0.20000
        20      0.002795100052    10  T     0.20000
        21      0.000929642562    10  T     0.20000
        22      0.000198771750    10  T     0.20000
        23      0.000311081263    10  F     0.20000
        24      0.000025565802    10  T     0.20000
        25      0.000039449400    10  F     0.20000
        26      0.000006484985     0  X    CONVERGED

    RISM CYCLE IS CONVERGED

    ========== V-V 1DRISM ==========

    Temperature      : 298.00000[K]
    Charge Up Factor :   0.60000

   ITR      RESIDUAL       #-SUB MIN      DUMP
         1      0.395684797244     1  T     0.20000
         2      0.205557549597     2  T     0.20000
         3      0.246178933408     3  F     0.20000
         4      0.117871828154     4  T     0.20000
         5      0.051301815226     5  T     0.20000
         6      0.041368176718     6  T     0.20000
         7      0.087614319031     7  F     0.20000
         8      0.051724442490     8  F     0.20000
         9      0.052595041608     9  F     0.20000
        10      0.073243182160    10  F     0.20000
        11      0.034808429158    10  T     0.20000
        12      0.024145603315    10  T     0.20000
        13      0.024030537510    10  T     0.20000
        14      0.012173672046    10  T     0.20000
        15      0.011772196227    10  T     0.20000
        16      0.006108241856    10  T     0.20000
        17      0.004572141953    10  T     0.20000
        18      0.004161316029    10  T     0.20000
        19      0.003839051492    10  T     0.20000
        20      0.002174743529    10  T     0.20000
        21      0.000778889090    10  T     0.20000
        22      0.000247278086    10  T     0.20000
        23      0.000058789660    10  T     0.20000
        24      0.000071370171    10  F     0.20000
        25      0.000004476926     0  X    CONVERGED

    RISM CYCLE IS CONVERGED

    ========== V-V 1DRISM ==========

    Temperature      : 298.00000[K]
    Charge Up Factor :   0.80000

   ITR      RESIDUAL       #-SUB MIN      DUMP
         1      0.398659693944     1  T     0.20000
         2      0.265660452486     2  T     0.20000
         3      0.240852403008     3  T     0.20000
         4      0.149750779319     4  T     0.20000
         5      0.042061814392     5  T     0.20000
         6      0.038458550507     6  T     0.20000
         7      0.058091926350     7  F     0.20000
         8      0.037656802743     8  T     0.20000
         9      0.043890952817     9  F     0.20000
        10      0.073802188171    10  F     0.20000
        11      0.045522512553    10  F     0.20000
        12      0.006407285375    10  T     0.20000
        13      0.024044217772    10  F     0.20000
        14      0.017366959462    10  F     0.20000
        15      0.010153229619    10  F     0.20000
        16      0.009680111155    10  F     0.20000
        17      0.007842988675    10  F     0.20000
        18      0.005699750175    10  T     0.20000
        19      0.002283611162    10  T     0.20000
        20      0.001525660521    10  T     0.20000
        21      0.000892968998    10  T     0.20000
        22      0.000904028244    10  F     0.20000
        23      0.000259405554    10  T     0.20000
        24      0.000043365440    10  T     0.20000
        25      0.000023931103    10  T     0.20000
        26      0.000008708584     0  X    CONVERGED

    RISM CYCLE IS CONVERGED

    ========== V-V 1DRISM ==========

    Temperature      : 298.00000[K]
    Charge Up Factor :   1.00000

   ITR      RESIDUAL       #-SUB MIN      DUMP
         1      0.401775767075     1  T     0.20000
         2      0.364683369914     2  T     0.20000
         3      0.238146034497     3  T     0.20000
         4      0.180386489003     4  T     0.20000
         5      0.066038936967     5  T     0.20000
         6      0.051694328893     6  T     0.20000
         7      0.037824736188     7  T     0.20000
         8      0.074087976646     8  F     0.20000
         9      0.050849044066     9  F     0.20000
        10      0.059071420899    10  F     0.20000
        11      0.021358991612    10  T     0.20000
        12      0.036217307373    10  F     0.20000
        13      0.009488136389    10  T     0.20000
        14      0.022940845153    10  F     0.20000
        15      0.007672875198    10  T     0.20000
        16      0.007197080551    10  T     0.20000
        17      0.005369889794    10  T     0.20000
        18      0.003400958218    10  T     0.20000
        19      0.002050211527    10  T     0.20000
        20      0.003489739198    10  F     0.20000
        21      0.000822197159    10  T     0.20000
        22      0.000134010174    10  T     0.20000
        23      0.000054980140    10  T     0.20000
        24      0.000011523192    10  T     0.20000
        25      0.000004201360    10  T     0.20000
        26      0.000003837414    10  T     0.20000
        27      0.000001824642    10  T     0.20000
        28      0.000000940577    10  T     0.20000
        29      0.000000578219    10  T     0.20000
        30      0.000000122012    10  T     0.20000
        31      0.000000073994    10  T     0.20000
        32      0.000000016294    10  T     0.20000
        33      0.000000008198     0  X    CONVERGED

    RISM CYCLE IS CONVERGED

    ======= Physical Property of V-V System =======

    Excess Chemical Potential:     -9.85668217[kJ/mol]

    GF Form Ex.Chem.Pot.     :    -25.42907231[kJ/mol]

    V-V Binding Energy       :   -110.52971780[kJ/mol]
     Site Contribution (On Solvent Site)
                   ----->O   :    -98.17753595[kJ/mol]
                   ----->H   :     -6.17609092[kJ/mol]
                   ----->H   :     -6.17609092[kJ/mol]

    Coordination Number 
     NAME     O   [Radius ]    H   [Radius ]    H   [Radius ]
     O     7.38667[  3.850] 0.46807[  2.000] 0.46807[  2.000]
     H     0.46807[  2.000] 1.47482[  2.650] 1.47482[  2.650]
     H     0.46807[  2.000] 1.47482[  2.650] 1.47482[  2.650]

    Density Fluctuation        :      0.07358651
    Isothermal Compressibility :      0.54998897[/GPa]
                               :      0.00005573[/atm]

    Pressure (A route)         :  0.49093283E+09[Pa]
                               :  0.48451290E+04[atm]

 -----------------------------------------------------------
         RISMiCal computation is completed normally.        
Note: The following floating-point exceptions are signalling: IEEE_UNDERFLOW_FLAG
            --- Keep casting, tight lines. ---              
 -----------------------------------------------------------
  Users must cite the following papers for any publications,
  which include the results obtained with RISMiCal code.    
  References:                                               
 N. Yoshida, IOP Conf. Series: Mat. Sci. Eng.773 (2020) 012062 (DOI:10.1088/1757-899X/773/1/012062)  
 N. Yoshida, J. Chem. Info. Model 57 (2017) 2646-2656 (DOI:10.1021/acs.jcim.7b00389)  
 N. Yoshida, J. Chem. Phys. 140 (2014) 214118 (DOI: 10.1063/1.4879795)  
 -----------------------------------------------------------
