log started: Fri Sep 27 09:48:45 2024

Log file: ./leap.log
>> #
>> # ----- leaprc for loading the ff19SB force field
>> # ----- NOTE: this is designed for PDB format 3!
>> #
>> #	load atom type hybridizations
>> #
>> addAtomTypes {
>> 	{ "H"   "H" "sp3" }
>> 	{ "HO"  "H" "sp3" }
>> 	{ "HS"  "H" "sp3" }
>> 	{ "H1"  "H" "sp3" }
>> 	{ "H2"  "H" "sp3" }
>> 	{ "H3"  "H" "sp3" }
>> 	{ "H4"  "H" "sp3" }
>> 	{ "H5"  "H" "sp3" }
>> 	{ "HW"  "H" "sp3" }
>> 	{ "HC"  "H" "sp3" }
>> 	{ "HA"  "H" "sp3" }
>> 	{ "HP"  "H" "sp3" }
>> 	{ "HZ"  "H" "sp3" }
>> 	{ "OH"  "O" "sp3" }
>> 	{ "OS"  "O" "sp3" }
>> 	{ "O"   "O" "sp2" }
>> 	{ "O2"  "O" "sp2" }
>> 	{ "OP"  "O" "sp2" }
>> 	{ "OW"  "O" "sp3" }
>> 	{ "CT"  "C" "sp3" }
>> 	{ "CX"  "C" "sp3" }
>> 	{ "XC"  "C" "sp3" }
>> 	{ "C8"  "C" "sp3" }
>> 	{ "2C"  "C" "sp3" }
>> 	{ "3C"  "C" "sp3" }
>> 	{ "CH"  "C" "sp3" }
>> 	{ "CS"  "C" "sp2" }
>> 	{ "C"   "C" "sp2" }
>> 	{ "CO"   "C" "sp2" }
>> 	{ "C*"  "C" "sp2" }
>> 	{ "CA"  "C" "sp2" }
>> 	{ "CB"  "C" "sp2" }
>> 	{ "CC"  "C" "sp2" }
>> 	{ "CN"  "C" "sp2" }
>> 	{ "CM"  "C" "sp2" }
>> 	{ "CK"  "C" "sp2" }
>> 	{ "CQ"  "C" "sp2" }
>> 	{ "CD"  "C" "sp2" }
>> 	{ "C5"  "C" "sp2" }
>> 	{ "C4"  "C" "sp2" }
>> 	{ "CP"  "C" "sp2" }
>> 	{ "CI"  "C" "sp3" }
>> 	{ "CJ"  "C" "sp2" }
>> 	{ "CW"  "C" "sp2" }
>> 	{ "CV"  "C" "sp2" }
>> 	{ "CR"  "C" "sp2" }
>> 	{ "CA"  "C" "sp2" }
>> 	{ "CY"  "C" "sp2" }
>> 	{ "C0"  "Ca" "sp3" }
>> 	{ "MG"  "Mg" "sp3" }
>> 	{ "N"   "N" "sp2" }
>> 	{ "NA"  "N" "sp2" }
>> 	{ "N2"  "N" "sp2" }
>> 	{ "N*"  "N" "sp2" }
>> 	{ "NP"  "N" "sp2" }
>> 	{ "NQ"  "N" "sp2" }
>> 	{ "NB"  "N" "sp2" }
>> 	{ "NC"  "N" "sp2" }
>> 	{ "NT"  "N" "sp3" }
>> 	{ "NY"  "N" "sp2" }
>> 	{ "N3"  "N" "sp3" }
>> 	{ "S"   "S" "sp3" }
>> 	{ "SH"  "S" "sp3" }
>> 	{ "P"   "P" "sp3" }
>> 	{ "LP"  ""  "sp3" }
>> 	{ "EP"  ""  "sp3" }
>> 	{ "F"   "F" "sp3" }
>> 	{ "Cl"  "Cl" "sp3" }
>> 	{ "Br"  "Br" "sp3" }
>> 	{ "I"   "I"  "sp3" }
>> }
>> #
>> #	Load the main parameter set.
>> #
>> set default cmap on
>> parm19 = loadamberparams parm19.dat
Loading parameters: /home/noriwo/software/amber20_src/dat/leap/parm/parm19.dat
Reading title:
PARM99 + frcmod.ff99SB + frcmod.parmbsc0 + OL3 for RNA + ff19SB
(UNKNOWN ATOM TYPE: Zn)
(UNKNOWN ATOM TYPE: EP)
>> frcmod19SB = loadamberparams frcmod.ff19SB
Loading parameters: /home/noriwo/software/amber20_src/dat/leap/parm/frcmod.ff19SB
Reading force field modification type file (frcmod)
Reading title:
ff19SB AA-specific backbone CMAPs for protein 07/25/2019
>> #
>> #	Load main chain and terminating amino acid libraries
>> #
>> loadOff amino19.lib
Loading library: /home/noriwo/software/amber20_src/dat/leap/lib/amino19.lib
Loading: ALA
Loading: ARG
Loading: ASH
Loading: ASN
Loading: ASP
Loading: CYM
Loading: CYS
Loading: CYX
Loading: GLH
Loading: GLN
Loading: GLU
Loading: GLY
Loading: HID
Loading: HIE
Loading: HIP
Loading: HYP
Loading: ILE
Loading: LEU
Loading: LYN
Loading: LYS
Loading: MET
Loading: PHE
Loading: PRO
Loading: SER
Loading: THR
Loading: TRP
Loading: TYR
Loading: VAL
>> loadOff aminoct12.lib
Loading library: /home/noriwo/software/amber20_src/dat/leap/lib/aminoct12.lib
Loading: CALA
Loading: CARG
Loading: CASN
Loading: CASP
Loading: CCYS
Loading: CCYX
Loading: CGLN
Loading: CGLU
Loading: CGLY
Loading: CHID
Loading: CHIE
Loading: CHIP
Loading: CHYP
Loading: CILE
Loading: CLEU
Loading: CLYS
Loading: CMET
Loading: CPHE
Loading: CPRO
Loading: CSER
Loading: CTHR
Loading: CTRP
Loading: CTYR
Loading: CVAL
Loading: NHE
Loading: NME
>> loadOff aminont12.lib
Loading library: /home/noriwo/software/amber20_src/dat/leap/lib/aminont12.lib
Loading: ACE
Loading: NALA
Loading: NARG
Loading: NASN
Loading: NASP
Loading: NCYS
Loading: NCYX
Loading: NGLN
Loading: NGLU
Loading: NGLY
Loading: NHID
Loading: NHIE
Loading: NHIP
Loading: NILE
Loading: NLEU
Loading: NLYS
Loading: NMET
Loading: NPHE
Loading: NPRO
Loading: NSER
Loading: NTHR
Loading: NTRP
Loading: NTYR
Loading: NVAL
>> 
>> #
>> #	Define the PDB name map for the amino acids
>> #
>> addPdbResMap {
>>   { 0 "HYP" "NHYP" } { 1 "HYP" "CHYP" }
>>   { 0 "ALA" "NALA" } { 1 "ALA" "CALA" }
>>   { 0 "ARG" "NARG" } { 1 "ARG" "CARG" }
>>   { 0 "ASN" "NASN" } { 1 "ASN" "CASN" }
>>   { 0 "ASP" "NASP" } { 1 "ASP" "CASP" }
>>   { 0 "CYS" "NCYS" } { 1 "CYS" "CCYS" }
>>   { 0 "CYX" "NCYX" } { 1 "CYX" "CCYX" }
>>   { 0 "GLN" "NGLN" } { 1 "GLN" "CGLN" }
>>   { 0 "GLU" "NGLU" } { 1 "GLU" "CGLU" }
>>   { 0 "GLY" "NGLY" } { 1 "GLY" "CGLY" }
>>   { 0 "HID" "NHID" } { 1 "HID" "CHID" }
>>   { 0 "HIE" "NHIE" } { 1 "HIE" "CHIE" }
>>   { 0 "HIP" "NHIP" } { 1 "HIP" "CHIP" }
>>   { 0 "ILE" "NILE" } { 1 "ILE" "CILE" }
>>   { 0 "LEU" "NLEU" } { 1 "LEU" "CLEU" }
>>   { 0 "LYS" "NLYS" } { 1 "LYS" "CLYS" }
>>   { 0 "MET" "NMET" } { 1 "MET" "CMET" }
>>   { 0 "PHE" "NPHE" } { 1 "PHE" "CPHE" }
>>   { 0 "PRO" "NPRO" } { 1 "PRO" "CPRO" }
>>   { 0 "SER" "NSER" } { 1 "SER" "CSER" }
>>   { 0 "THR" "NTHR" } { 1 "THR" "CTHR" }
>>   { 0 "TRP" "NTRP" } { 1 "TRP" "CTRP" }
>>   { 0 "TYR" "NTYR" } { 1 "TYR" "CTYR" }
>>   { 0 "VAL" "NVAL" } { 1 "VAL" "CVAL" }
>>   { 0 "HIS" "NHIS" } { 1 "HIS" "CHIS" }
>> }
>> 
>> #
>> # assume that most often proteins use HIE
>> #
>> NHIS = NHIE
>> HIS = HIE
>> CHIS = CHIE
> 
> sys = loadpdb 4ow1_mod.pdb
Loading PDB file: ./4ow1_mod.pdb
 (starting new molecule for chain B)
 (starting new molecule for chain E)
 (starting new molecule for chain X)
 (starting new molecule for chain W)
 (starting new molecule for chain T)
 (starting new molecule for chain S)
 (starting new molecule for chain U)
-- residue 12: duplicate [ CA] atoms (total 2)
-- residue 12: duplicate [ CB] atoms (total 2)
-- residue 12: duplicate [ SG] atoms (total 2)
-- residue 295: duplicate [ CA] atoms (total 2)
-- residue 295: duplicate [ CB] atoms (total 2)
-- residue 295: duplicate [ OG] atoms (total 2)
-- residue 337: duplicate [ CA] atoms (total 2)
-- residue 337: duplicate [ CB] atoms (total 2)
-- residue 337: duplicate [ SG] atoms (total 2)
-- residue 421: duplicate [ CA] atoms (total 2)
-- residue 421: duplicate [ CB] atoms (total 2)
-- residue 421: duplicate [ SG] atoms (total 2)
-- residue 173: duplicate [ C] atoms (total 2)
-- residue 173: duplicate [ CA] atoms (total 2)
-- residue 173: duplicate [ CB] atoms (total 2)
-- residue 173: duplicate [ N] atoms (total 2)
-- residue 173: duplicate [ O] atoms (total 2)
-- residue 173: duplicate [ SG] atoms (total 2)
-- residue 506: duplicate [ CA] atoms (total 2)
-- residue 506: duplicate [ CB] atoms (total 2)
-- residue 506: duplicate [ SG] atoms (total 2)

/home/noriwo/software/amber20_src/bin/teLeap: Warning!
Atom names in each residue should be unique.
     (Same-name atoms are handled by using the first
      occurrence and by ignoring the rest.
      Many instances of duplicate atom names usually come
      from alternate conformations in the PDB file.)

Matching PDB residue names to LEaP variables.
Mapped residue GLY, term: Terminal/beginning, seq. number: 0 to: NGLY.
Mapped residue LYS, term: Terminal/last, seq. number: 85 to: CLYS.
Mapped residue PRO, term: Terminal/beginning, seq. number: 86 to: NPRO.
Mapped residue GLY, term: Terminal/last, seq. number: 160 to: CGLY.
Mapped residue GLY, term: Terminal/beginning, seq. number: 161 to: NGLY.
Mapped residue LYS, term: Terminal/last, seq. number: 246 to: CLYS.
Mapped residue SER, term: Terminal/beginning, seq. number: 247 to: NSER.
Mapped residue PRO, term: Terminal/last, seq. number: 324 to: CPRO.
Mapped residue GLY, term: Terminal/beginning, seq. number: 325 to: NGLY.
Mapped residue TRP, term: Terminal/last, seq. number: 408 to: CTRP.
Mapped residue GLY, term: Terminal/beginning, seq. number: 409 to: NGLY.
Mapped residue SER, term: Terminal/last, seq. number: 493 to: CSER.
Mapped residue GLY, term: Terminal/beginning, seq. number: 494 to: NGLY.
Mapped residue LYS, term: Terminal/last, seq. number: 579 to: CLYS.
Mapped residue PRO, term: Terminal/beginning, seq. number: 580 to: NPRO.
Mapped residue LYS, term: Terminal/last, seq. number: 664 to: CLYS.
  Added missing heavy atom: .R<CLYS 86>.A<OXT 23>
  Added missing heavy atom: .R<CGLY 161>.A<OXT 8>
  Added missing heavy atom: .R<CLYS 247>.A<OXT 23>
  Added missing heavy atom: .R<CLYS 247>.A<CG 8>
  Added missing heavy atom: .R<CLYS 247>.A<CD 11>
  Added missing heavy atom: .R<CLYS 247>.A<CE 14>
  Added missing heavy atom: .R<CLYS 247>.A<NZ 17>
  Added missing heavy atom: .R<CPRO 325>.A<OXT 15>
  Added missing heavy atom: .R<CTRP 409>.A<OXT 25>
  Added missing heavy atom: .R<CSER 494>.A<OXT 12>
  Added missing heavy atom: .R<CLYS 580>.A<OXT 23>
  Added missing heavy atom: .R<CLYS 580>.A<CG 8>
  Added missing heavy atom: .R<CLYS 580>.A<CD 11>
  Added missing heavy atom: .R<CLYS 580>.A<CE 14>
  Added missing heavy atom: .R<CLYS 580>.A<NZ 17>
  Added missing heavy atom: .R<CLYS 665>.A<OXT 23>
  total atoms in file: 4762
  Leap added 4477 missing atoms according to residue templates:
       16 Heavy
       4461 H / lone pairs
> saveamberparm sys 4ow1.parm7 4ow1.inpcrd
Checking Unit.

/home/noriwo/software/amber20_src/bin/teLeap: Warning!
The unperturbed charge of the unit (-4.000000) is not zero.

/home/noriwo/software/amber20_src/bin/teLeap: Note.
Ignoring the warning from Unit Checking.

Building topology.
Building atom parameters.
Building bond parameters.
Building angle parameters.
Building proper torsion parameters.
Building improper torsion parameters.
 total 2088 improper torsions applied
Building H-Bond parameters.
Incorporating Non-Bonded adjustments.
Not Marking per-residue atom chain types.
Marking per-residue atom chain types.
  (Residues lacking connect0/connect1 - 
   these don't have chain types marked:

	res	total affected

	CGLY	1
	CLYS	4
	CPRO	1
	CSER	1
	CTRP	1
	NGLY	5
	NPRO	2
	NSER	1
  )
 (no restraints)
> savepdb sys 4ow1.pdb
Writing pdb file: 4ow1.pdb

/home/noriwo/software/amber20_src/bin/teLeap: Warning!
 Converting N-terminal residue name to PDB format: NGLY -> GLY

/home/noriwo/software/amber20_src/bin/teLeap: Warning!
 Converting C-terminal residue name to PDB format: CLYS -> LYS

/home/noriwo/software/amber20_src/bin/teLeap: Warning!
 Converting N-terminal residue name to PDB format: NPRO -> PRO

/home/noriwo/software/amber20_src/bin/teLeap: Warning!
 Converting C-terminal residue name to PDB format: CGLY -> GLY

/home/noriwo/software/amber20_src/bin/teLeap: Warning!
 Converting N-terminal residue name to PDB format: NGLY -> GLY

/home/noriwo/software/amber20_src/bin/teLeap: Warning!
 Converting C-terminal residue name to PDB format: CLYS -> LYS

/home/noriwo/software/amber20_src/bin/teLeap: Warning!
 Converting N-terminal residue name to PDB format: NSER -> SER

/home/noriwo/software/amber20_src/bin/teLeap: Warning!
 Converting C-terminal residue name to PDB format: CPRO -> PRO

/home/noriwo/software/amber20_src/bin/teLeap: Warning!
 Converting N-terminal residue name to PDB format: NGLY -> GLY

/home/noriwo/software/amber20_src/bin/teLeap: Warning!
 Converting C-terminal residue name to PDB format: CTRP -> TRP

/home/noriwo/software/amber20_src/bin/teLeap: Warning!
 Converting N-terminal residue name to PDB format: NGLY -> GLY

/home/noriwo/software/amber20_src/bin/teLeap: Warning!
 Converting C-terminal residue name to PDB format: CSER -> SER

/home/noriwo/software/amber20_src/bin/teLeap: Warning!
 Converting N-terminal residue name to PDB format: NGLY -> GLY

/home/noriwo/software/amber20_src/bin/teLeap: Warning!
 Converting C-terminal residue name to PDB format: CLYS -> LYS

/home/noriwo/software/amber20_src/bin/teLeap: Warning!
 Converting N-terminal residue name to PDB format: NPRO -> PRO

/home/noriwo/software/amber20_src/bin/teLeap: Warning!
 Converting C-terminal residue name to PDB format: CLYS -> LYS
> quit
	Quit

Exiting LEaP: Errors = 0; Warnings = 18; Notes = 1.
