 -----------------------------------------------------------
   #####   #   ####   #    #      ####           #    
   #    #  #  #    #  ##  ##  #  #    #          #    
   #    #  #  #       # ## #     #         ##    #    
   #####   #   ####   # ## #  #  #           #   #    
   # #     #       #  #    #  #  #        ####   #    
   #  #    #  #    #  #    #  #  #    #  #   #   #    
   #    #  #   ####   #    #  #   ####    ### #  ##   
                                                      
                                                      
  The Reference Interaction Site-Model integrated Calculator
  Copyright(C) 2021 -- Norio Yoshida -- All Rights Reserved.
 -----------------------------------------------------------

     RISMiCal home dir:/home/noriwo/software/RISMiCal

  -------------------------------------------------
    1D-RISM run for solvent-solvent system
  -------------------------------------------------

    ======= Computational Conditions =======
    Closure Equation       : KH 
    Maximum Iteration      :       300
    Convergence Criterion  :  1.0000E-08
    Use CHARGEUP Procedure : ON 
    Guess of tau-bond      : F-BOND   
    --------------------------------------
    Grid preset       :STANDARD                
    Number of 1D-Grid :        4096
     Grid width       :      0.0500  [A]
    --------------------------------------
    -----------------------------------------------
                 Solvent parameters
    -----------------------------------------------
    Solvent species:   1    Total number of solvent site:   3
      Density[M]  : Solvent
        55.30000    TIP3P                                                                           
    Temperature :   298.00000 [K]
    ATOM SPC SYM sig[Angs]   eps[J/mol]  charge[e]    ---X---     ---Y---     ---Z---    density[M] 
    O      1   1     3.15000   636.00000    -0.83400     0.00000     0.00000     0.00000    55.30000
    H      1   2     0.40000   192.50000     0.41700     0.00000     0.75670     0.58588    55.30000
    H      1  -2     0.40000   192.50000     0.41700     0.00000    -0.75670     0.58588    55.30000

    ========== V-V 1DRISM ==========

    Temperature      : 298.00000[K]
    Charge Up Factor :   0.00000

   ITR      RESIDUAL       #-SUB MIN      DUMP
         1      0.070264259265     1  T     0.20000
         2      0.117098212422     2  F     0.20000
         3      0.025214051671     3  T     0.20000
         4      0.039060805703     4  F     0.20000
         5      0.038274444876     5  F     0.20000
         6      0.029246939178     6  F     0.20000
         7      0.014955784713     7  T     0.20000
         8      0.013691589680     8  T     0.20000
         9      0.010054663011     9  T     0.20000
        10      0.004385719761    10  T     0.20000
        11      0.002798350100    10  T     0.20000
        12      0.002852164222    10  F     0.20000
        13      0.004328812031    10  F     0.20000
        14      0.001929166606    10  T     0.20000
        15      0.001256165979    10  T     0.20000
        16      0.000222299841    10  T     0.20000
        17      0.000047759253    10  T     0.20000
        18      0.000009994172     0  X    CONVERGED

    RISM CYCLE IS CONVERGED

    ========== V-V 1DRISM ==========

    Temperature      : 298.00000[K]
    Charge Up Factor :   0.20000

   ITR      RESIDUAL       #-SUB MIN      DUMP
         1      0.387861971441     1  T     0.20000
         2      0.208435122405     2  T     0.20000
         3      0.274501761021     3  F     0.20000
         4      0.148901829805     4  T     0.20000
         5      0.059140815045     5  T     0.20000
         6      0.100369330695     6  F     0.20000
         7      0.114951023361     7  F     0.20000
         8      0.064575747514     8  F     0.20000
         9      0.046738897826     9  T     0.20000
        10      0.051268313572    10  F     0.20000
        11      0.010535090351    10  T     0.20000
        12      0.029782721000    10  F     0.20000
        13      0.022763888830    10  F     0.20000
        14      0.015946186202    10  F     0.20000
        15      0.011009525579    10  F     0.20000
        16      0.013609654830    10  F     0.20000
        17      0.010867171687    10  F     0.20000
        18      0.007826861833    10  T     0.20000
        19      0.004235371158    10  T     0.20000
        20      0.001430255889    10  T     0.20000
        21      0.000145187086    10  T     0.20000
        22      0.000096417731    10  T     0.20000
        23      0.000026617416    10  T     0.20000
        24      0.000008922508     0  X    CONVERGED

    RISM CYCLE IS CONVERGED

    ========== V-V 1DRISM ==========

    Temperature      : 298.00000[K]
    Charge Up Factor :   0.40000

   ITR      RESIDUAL       #-SUB MIN      DUMP
         1      0.389889166219     1  T     0.20000
         2      0.185213913960     2  T     0.20000
         3      0.257630546515     3  F     0.20000
         4      0.113008889388     4  T     0.20000
         5      0.040258412937     5  T     0.20000
         6      0.079232011826     6  F     0.20000
         7      0.116547344916     7  F     0.20000
         8      0.063343431565     8  F     0.20000
         9      0.049573779962     9  F     0.20000
        10      0.044147347192    10  F     0.20000
        11      0.040019268742    10  T     0.20000
        12      0.036074116697    10  T     0.20000
        13      0.036381431115    10  F     0.20000
        14      0.031835700240    10  T     0.20000
        15      0.030201395604    10  T     0.20000
        16      0.020100313621    10  T     0.20000
        17      0.008252876603    10  T     0.20000
        18      0.005097191568    10  T     0.20000
        19      0.003444634111    10  T     0.20000
        20      0.002842406937    10  T     0.20000
        21      0.001293156224    10  T     0.20000
        22      0.000203194230    10  T     0.20000
        23      0.000146429075    10  T     0.20000
        24      0.000068223674    10  T     0.20000
        25      0.000028023334    10  T     0.20000
        26      0.000008858668     0  X    CONVERGED

    RISM CYCLE IS CONVERGED

    ========== V-V 1DRISM ==========

    Temperature      : 298.00000[K]
    Charge Up Factor :   0.60000

   ITR      RESIDUAL       #-SUB MIN      DUMP
         1      0.391973273519     1  T     0.20000
         2      0.207092342043     2  T     0.20000
         3      0.245025424449     3  F     0.20000
         4      0.119166853410     4  T     0.20000
         5      0.054741041953     5  T     0.20000
         6      0.036992561597     6  T     0.20000
         7      0.091936452574     7  F     0.20000
         8      0.054201218305     8  F     0.20000
         9      0.052778696643     9  F     0.20000
        10      0.081521031795    10  F     0.20000
        11      0.034819568871    10  T     0.20000
        12      0.022225483011    10  T     0.20000
        13      0.027746253514    10  F     0.20000
        14      0.014866467230    10  T     0.20000
        15      0.013666301993    10  T     0.20000
        16      0.007067077675    10  T     0.20000
        17      0.006396124552    10  T     0.20000
        18      0.008460909240    10  F     0.20000
        19      0.003068668732    10  T     0.20000
        20      0.003545818936    10  F     0.20000
        21      0.000549860012    10  T     0.20000
        22      0.000642358509    10  F     0.20000
        23      0.000118050171    10  T     0.20000
        24      0.000049508002    10  T     0.20000
        25      0.000013655237    10  T     0.20000
        26      0.000007869608     0  X    CONVERGED

    RISM CYCLE IS CONVERGED

    ========== V-V 1DRISM ==========

    Temperature      : 298.00000[K]
    Charge Up Factor :   0.80000

   ITR      RESIDUAL       #-SUB MIN      DUMP
         1      0.394904987395     1  T     0.20000
         2      0.271351577311     2  T     0.20000
         3      0.238874501495     3  T     0.20000
         4      0.152237679250     4  T     0.20000
         5      0.039633615981     5  T     0.20000
         6      0.038495814994     6  T     0.20000
         7      0.056007274956     7  F     0.20000
         8      0.041051872298     8  F     0.20000
         9      0.043400886637     9  F     0.20000
        10      0.064321574793    10  F     0.20000
        11      0.046854663096    10  F     0.20000
        12      0.006515185138    10  T     0.20000
        13      0.025359250294    10  F     0.20000
        14      0.018336648863    10  F     0.20000
        15      0.009979768447    10  F     0.20000
        16      0.009683947224    10  F     0.20000
        17      0.008345967880    10  F     0.20000
        18      0.006233348854    10  T     0.20000
        19      0.002655665844    10  T     0.20000
        20      0.001333260637    10  T     0.20000
        21      0.000599347546    10  T     0.20000
        22      0.000616639203    10  F     0.20000
        23      0.000178040842    10  T     0.20000
        24      0.000020179993    10  T     0.20000
        25      0.000012528864    10  T     0.20000
        26      0.000001669097     0  X    CONVERGED

    RISM CYCLE IS CONVERGED

    ========== V-V 1DRISM ==========

    Temperature      : 298.00000[K]
    Charge Up Factor :   1.00000

   ITR      RESIDUAL       #-SUB MIN      DUMP
         1      0.397998617843     1  T     0.20000
         2      0.382095684087     2  T     0.20000
         3      0.235147004649     3  T     0.20000
         4      0.183455630370     4  T     0.20000
         5      0.075445960868     5  T     0.20000
         6      0.056321069036     6  T     0.20000
         7      0.047017077465     7  T     0.20000
         8      0.079573499485     8  F     0.20000
         9      0.053534357638     9  F     0.20000
        10      0.061694263305    10  F     0.20000
        11      0.021670160758    10  T     0.20000
        12      0.044379760358    10  F     0.20000
        13      0.011741553973    10  T     0.20000
        14      0.024294394260    10  F     0.20000
        15      0.008132757912    10  T     0.20000
        16      0.007735434263    10  T     0.20000
        17      0.006051030599    10  T     0.20000
        18      0.003662766834    10  T     0.20000
        19      0.002137923103    10  T     0.20000
        20      0.004151468254    10  F     0.20000
        21      0.001240118308    10  T     0.20000
        22      0.000206127050    10  T     0.20000
        23      0.000080393776    10  T     0.20000
        24      0.000032595837    10  T     0.20000
        25      0.000015201941    10  T     0.20000
        26      0.000006224379    10  T     0.20000
        27      0.000002841960    10  T     0.20000
        28      0.000003165019    10  F     0.20000
        29      0.000000276875    10  T     0.20000
        30      0.000000100013    10  T     0.20000
        31      0.000000040021    10  T     0.20000
        32      0.000000013411    10  T     0.20000
        33      0.000000003180     0  X    CONVERGED

    RISM CYCLE IS CONVERGED

    ======= Physical Property of V-V System =======

    Excess Chemical Potential:     -7.92757624[kJ/mol]

    GF Form Ex.Chem.Pot.     :    -23.77195619[kJ/mol]

    V-V Binding Energy       :   -110.78564914[kJ/mol]
     Site Contribution (On Solvent Site)
                   ----->O   :    -98.56115823[kJ/mol]
                   ----->H   :     -6.11224546[kJ/mol]
                   ----->H   :     -6.11224546[kJ/mol]

    Coordination Number 
     NAME     O   [Radius ]    H   [Radius ]    H   [Radius ]
     O     7.89003[  3.900] 0.47413[  2.000] 0.47413[  2.000]
     H     0.47413[  2.000] 1.51901[  2.650] 1.51901[  2.650]
     H     0.47413[  2.000] 1.51901[  2.650] 1.51901[  2.650]

    Density Fluctuation        :      0.06713494
    Isothermal Compressibility :      0.48997398[/GPa]
                               :      0.00004965[/atm]

    Pressure (A route)         :  0.58736710E+09[Pa]
                               :  0.57968610E+04[atm]

 -----------------------------------------------------------
         RISMiCal computation is completed normally.        
            --- Keep casting, tight lines. ---              
 -----------------------------------------------------------
  Users must cite the following papers for any publications,
  which include the results obtained with RISMiCal code.    
  References:                                               
 N. Yoshida, IOP Conf. Series: Mat. Sci. Eng.773 (2020) 012062 (DOI:10.1088/1757-899X/773/1/012062)  
 N. Yoshida, J. Chem. Info. Model 57 (2017) 2646-2656 (DOI:10.1021/acs.jcim.7b00389)  
 N. Yoshida, J. Chem. Phys. 140 (2014) 214118 (DOI: 10.1063/1.4879795)  
 -----------------------------------------------------------
  Implimented Math Libraries
  3D Fast Fourier Transform: 
  Copyright(C) 2000-2004,2008-2014,2020 Daisuke Takahashi (e-mail: daisuke[at]cs.tsukuba.ac.jp or ffte[at]ffte.jp)
  Fast Fourier Transform: 
 Copyright Takuya OOURA, 1996-2001
 Mathmatical Libra: SLATEC Common Mathmatical Library
 Fong, Kirby W.; Jefferson, Thomas H.; Suyehiro, Tokihiko;Walton, Lee (July 1993). Guide to the SLATEC Common Mathematical Library
