 -----------------------------------------------------------
   #####   #   ####   #    #      ####           #    
   #    #  #  #    #  ##  ##  #  #    #          #    
   #    #  #  #       # ## #     #         ##    #    
   #####   #   ####   # ## #  #  #           #   #    
   # #     #       #  #    #  #  #        ####   #    
   #  #    #  #    #  #    #  #  #    #  #   #   #    
   #    #  #   ####   #    #  #   ####    ### #  ##   
                                                      
                                                      
  The Reference Interaction Site-Model integrated Calculator
  Copyright(C) 2021 -- Norio Yoshida -- All Rights Reserved.
 -----------------------------------------------------------

     RISMiCal home dir:/home/noriwo/software/RISMiCal

  -------------------------------------------------
     3D-RISM run for solute-solvent system
  -------------------------------------------------

    ======= Computational Conditions =======
    Closure Equation       : KH 
    Maximum Iteration      :       300
    Convergence Criterion  :  1.0000E-06
    Use CHARGEUP Procedure : OFF
    Guess of tau-bond      : F-BOND   
      --------------------------------------
Grid preset       :USER                    
Number of 3D-Grid :          64
 3D-Grid width    :      0.5000  [A]
      --------------------------------------
 -----------------------------------------------
             Solute parameters
 -----------------------------------------------
Number of solute site:   3
ATOM sig[Angs]   eps[J/mol]  charge[e]    ---X---     ---Y---     ---Z---   
O         3.15000   636.00000    -0.83400     0.00000     0.00000     0.00000
H         0.40000   192.50000     0.41700     0.00000     0.75670     0.58588
H         0.40000   192.50000     0.41700     0.00000    -0.75670     0.58588
 -----------------------------------------------
             Solvent parameters
 -----------------------------------------------
Number of solvnt site:   3
ATOM SPC sig[Angs]   eps[J/mol]  charge[e]    ---X---     ---Y---     ---Z---    density[M] 
O      1   1     3.15000   636.00000    -0.83400     0.00000     0.00000     0.00000    55.30000
H      1   2     0.40000   192.50000     0.41700     0.00000     0.75670     0.58588    55.30000
H      1  -2     0.40000   192.50000     0.41700     0.00000    -0.75670     0.58588    55.30000
Temperature :   298.00000[K]
 Solvent xvv file:h2o_vv.xvk

    ========== u-v 3drism ==========

    temperature      : 298.00000[k]
    charge up factor :   1.00000

   itr      residual       #-sub min      dump
         1      0.312500373960     1  T     0.30000
         2      0.313897817473     2  F     0.30000
         3      0.082943666766     3  T     0.30000
         4      0.042985978434     4  T     0.30000
         5      0.028826749825     5  T     0.30000
         6      0.019787519504     6  T     0.30000
         7      0.013661010729     7  T     0.30000
         8      0.009067208378     8  T     0.30000
         9      0.007462651588     9  T     0.30000
        10      0.005526504134    10  T     0.30000
        11      0.004411357117    10  T     0.30000
        12      0.003585818753    10  T     0.30000
        13      0.003230241308    10  T     0.30000
        14      0.002680433793    10  T     0.30000
        15      0.002274137782    10  T     0.30000
        16      0.002004049332    10  T     0.30000
        17      0.001465112740    10  T     0.30000
        18      0.000925071308    10  T     0.30000
        19      0.000477752297    10  T     0.30000
        20      0.000281192111    10  T     0.30000
        21      0.000115501348    10  T     0.30000
        22      0.000057584466    10  T     0.30000
        23      0.000040643117    10  T     0.30000
        24      0.000017153487    10  T     0.30000
        25      0.000008611101    10  T     0.30000
        26      0.000004224009    10  T     0.30000
        27      0.000001849897    10  T     0.30000
        28      0.000001204879    10  T     0.30000
        29      0.000000715150     0  x    converged

    rism cycle is converged

    Total Solvent Charge:     -0.00089518

    ======= Physical Property of U-V System =======

    Solvation Free Energy         :  -17.096863    [kJ/mol]

    Solvation Free Energy(GF)     :  -25.370405    [kJ/mol]

    Solute-Solvent Binding Energy :  -86.629229    [kJ/mol]

    UV Binding Energy Component LJ:   10.074616    [kJ/mol]

    UV Binding Energy Component ES:  -96.703845    [kJ/mol]

    Solvation Free Energy(UC)     :  -18.690602    [kJ/mol]    UC term :  -14.604353    [kJ/mol]    UC param: A=  -4.5799999    [kJ/mol], B=  0.34000000    [kJ/mol]
    Solvation Free Energy(GF-UC)  :  -15.480624    [kJ/mol]    UC term :  -9.4169516    [kJ/mol]    UC param: A=  -3.1600001    [kJ/mol], B=  0.89399999    [kJ/mol]

    Solvation Free Energy(PC)     :  -41.209884    [kJ/mol]    PC term :  -24.113021    [kJ/mol]

    ======= Solvation Free Energy Component  =======
       1:   84.086842    [kJ/mol]
       2:  -101.18371    [kJ/mol]

    ======= GF Solvation Free Energy Component =====
       1:   80.709907    [kJ/mol]
       2:  -106.08031    [kJ/mol]

    ============= Partial Molar Volume =============
    Partial Molar Volume       =   0.1967E-01 [L/mol]
    Isothermal Compressibility =   0.4900     [/GPa]
    Pressure                   =    1.226     [GPa]

 -----------------------------------------------------------
         RISMiCal computation is completed normally.        
            --- Keep casting, tight lines. ---              
 -----------------------------------------------------------
  Users must cite the following papers for any publications,
  which include the results obtained with RISMiCal code.    
  References:                                               
 N. Yoshida, IOP Conf. Series: Mat. Sci. Eng.773 (2020) 012062 (DOI:10.1088/1757-899X/773/1/012062)  
 N. Yoshida, J. Chem. Info. Model 57 (2017) 2646-2656 (DOI:10.1021/acs.jcim.7b00389)  
 N. Yoshida, J. Chem. Phys. 140 (2014) 214118 (DOI: 10.1063/1.4879795)  
 Y. Maruyama, N. Yoshida, H. Tadano, D. Takahashi, M. Sato, F. Hirata, J. Comput. Chem. 35 (2014) 1347.
 Y. Maruyama, F. Hirata, J. Chem. Theory Comput. 8 (2012) 3015. (DOI: 10.1063/1.4879795)  
 -----------------------------------------------------------
  Implimented Math Libraries
  3D Fast Fourier Transform: 
  Copyright(C) 2000-2004,2008-2014,2020 Daisuke Takahashi (e-mail: daisuke[at]cs.tsukuba.ac.jp or ffte[at]ffte.jp)
  Fast Fourier Transform: 
  Copyright Takuya OOURA, 1996-2001
  Mathmatical Libra: SLATEC Common Mathmatical Library
 Fong, Kirby W.; Jefferson, Thomas H.; Suyehiro, Tokihiko;Walton, Lee (July 1993). Guide to the SLATEC Common Mathematical Library
 -----------------------------------------------------------
