 -----------------------------------------------------------
   #####   #   ####   #    #      ####           #    
   #    #  #  #    #  ##  ##  #  #    #          #    
   #    #  #  #       # ## #     #         ##    #    
   #####   #   ####   # ## #  #  #           #   #    
   # #     #       #  #    #  #  #        ####   #    
   #  #    #  #    #  #    #  #  #    #  #   #   #    
   #    #  #   ####   #    #  #   ####    ### #  ##   
                                                      
                                                      
  The Reference Interaction Site-Model integrated Calculator
  Copyright(C) 2021 -- Norio Yoshida -- All Rights Reserved.
 -----------------------------------------------------------
 
     RISMiCal home dir:/Users/noriwo/software/RISMiCal/

  -------------------------------------------------
    1D-RISM run for solvent-solvent system
  -------------------------------------------------

    ======= Computational Conditions =======
    Closure Equation       : KH 
    Maximum Iteration      :       300
    Convergence Criterion  :  1.0000E-08
    Use CHARGEUP Procedure : ON 
    Guess of tau-bond      : F-BOND   
    --------------------------------------
    Grid preset       :USER                    
    Number of 1D-Grid :        4096
     Grid width       :      0.0500  [A]
    --------------------------------------
    -----------------------------------------------
                 Solvent parameters
    -----------------------------------------------
    Solvent species:   1    Total number of solvent site:   3
      Density[M]  : Solvent
        55.50000    tip3p                                                                           
    Temperature :   298.00000 [K]
    ATOM SPC sig[Angs]   eps[J/mol]  charge[e]    ---X---     ---Y---     ---Z---    density[M] 
    O      1     3.15000   636.00000    -0.83400     0.00000     0.00000     0.00000    55.50000
    H      1     0.40000   192.50000     0.41700     0.00000     0.75670     0.58588    55.50000
    H      1     0.40000   192.50000     0.41700     0.00000    -0.75670     0.58588    55.50000

    ========== V-V 1DRISM ==========

    Temperature      : 298.00000[K]
    Charge Up Factor :   0.00000

   ITR      RESIDUAL       #-SUB MIN      DUMP
         1      0.070088333858     1  T     0.20000
         2      0.116763480905     2  F     0.20000
         3      0.025132830599     3  T     0.20000
         4      0.039354783496     4  F     0.20000
         5      0.038477248378     5  F     0.20000
         6      0.029387128496     6  F     0.20000
         7      0.015145069715     7  T     0.20000
         8      0.013856424850     8  T     0.20000
         9      0.010276056896     9  T     0.20000
        10      0.004485481712    10  T     0.20000
        11      0.002766292117    10  T     0.20000
        12      0.002828427709    10  F     0.20000
        13      0.004410398696    10  F     0.20000
        14      0.001959185459    10  T     0.20000
        15      0.001277896360    10  T     0.20000
        16      0.000234464410    10  T     0.20000
        17      0.000049528700    10  T     0.20000
        18      0.000010352540    10  T     0.20000
        19      0.000002670558     0  X    CONVERGED

    RISM CYCLE IS CONVERGED

    ========== V-V 1DRISM ==========

    Temperature      : 298.00000[K]
    Charge Up Factor :   0.20000

   ITR      RESIDUAL       #-SUB MIN      DUMP
         1      0.387322321758     1  T     0.20000
         2      0.208740845921     2  T     0.20000
         3      0.274373502805     3  F     0.20000
         4      0.149124622135     4  T     0.20000
         5      0.059149534841     5  T     0.20000
         6      0.098504899714     6  F     0.20000
         7      0.114735320625     7  F     0.20000
         8      0.065638364936     8  F     0.20000
         9      0.046862302890     9  T     0.20000
        10      0.051439510239    10  F     0.20000
        11      0.011193806474    10  T     0.20000
        12      0.028974940976    10  F     0.20000
        13      0.021769777216    10  F     0.20000
        14      0.015506699017    10  F     0.20000
        15      0.011727265031    10  F     0.20000
        16      0.014403434684    10  F     0.20000
        17      0.011782891093    10  F     0.20000
        18      0.007319857076    10  T     0.20000
        19      0.004267537691    10  T     0.20000
        20      0.001294912272    10  T     0.20000
        21      0.000170510598    10  T     0.20000
        22      0.000088333406    10  T     0.20000
        23      0.000037872574    10  T     0.20000
        24      0.000010120063    10  T     0.20000
        25      0.000007375707     0  X    CONVERGED

    RISM CYCLE IS CONVERGED

    ========== V-V 1DRISM ==========

    Temperature      : 298.00000[K]
    Charge Up Factor :   0.40000

   ITR      RESIDUAL       #-SUB MIN      DUMP
         1      0.389337334936     1  T     0.20000
         2      0.185380727563     2  T     0.20000
         3      0.257519141398     3  F     0.20000
         4      0.113083670250     4  T     0.20000
         5      0.040357666214     5  T     0.20000
         6      0.078969437465     6  F     0.20000
         7      0.119924538527     7  F     0.20000
         8      0.067211551265     8  F     0.20000
         9      0.050647196014     9  F     0.20000
        10      0.044719822353    10  F     0.20000
        11      0.040749807379    10  F     0.20000
        12      0.035848234929    10  T     0.20000
        13      0.036012282757    10  F     0.20000
        14      0.031864739227    10  T     0.20000
        15      0.030121584889    10  T     0.20000
        16      0.020149133004    10  T     0.20000
        17      0.009296116214    10  T     0.20000
        18      0.004770625944    10  T     0.20000
        19      0.003502836024    10  T     0.20000
        20      0.003224352026    10  T     0.20000
        21      0.001358607114    10  T     0.20000
        22      0.000201469634    10  T     0.20000
        23      0.000155173333    10  T     0.20000
        24      0.000069514590    10  T     0.20000
        25      0.000027129657    10  T     0.20000
        26      0.000010001707    10  T     0.20000
        27      0.000006679267     0  X    CONVERGED

    RISM CYCLE IS CONVERGED

    ========== V-V 1DRISM ==========

    Temperature      : 298.00000[K]
    Charge Up Factor :   0.60000

   ITR      RESIDUAL       #-SUB MIN      DUMP
         1      0.391409227415     1  T     0.20000
         2      0.207370469374     2  T     0.20000
         3      0.244844800717     3  F     0.20000
         4      0.119389075367     4  T     0.20000
         5      0.055310231645     5  T     0.20000
         6      0.036457150430     6  T     0.20000
         7      0.092679921298     7  F     0.20000
         8      0.054553705847     8  F     0.20000
         9      0.052806828614     9  F     0.20000
        10      0.082873118816    10  F     0.20000
        11      0.034861012858    10  T     0.20000
        12      0.021890615556    10  T     0.20000
        13      0.028266744290    10  F     0.20000
        14      0.015276584738    10  T     0.20000
        15      0.013963107976    10  T     0.20000
        16      0.007202013463    10  T     0.20000
        17      0.006612584062    10  T     0.20000
        18      0.008728253311    10  F     0.20000
        19      0.002992394241    10  T     0.20000
        20      0.003745215441    10  F     0.20000
        21      0.000615357241    10  T     0.20000
        22      0.000694741831    10  F     0.20000
        23      0.000131705062    10  T     0.20000
        24      0.000047137622    10  T     0.20000
        25      0.000016324635    10  T     0.20000
        26      0.000008554056     0  X    CONVERGED

    RISM CYCLE IS CONVERGED

    ========== V-V 1DRISM ==========

    Temperature      : 298.00000[K]
    Charge Up Factor :   0.80000

   ITR      RESIDUAL       #-SUB MIN      DUMP
         1      0.394335960004     1  T     0.20000
         2      0.272257676039     2  T     0.20000
         3      0.238565954889     3  T     0.20000
         4      0.152616674582     4  T     0.20000
         5      0.039257272649     5  T     0.20000
         6      0.038532756891     6  T     0.20000
         7      0.055650417286     7  F     0.20000
         8      0.041589390421     8  F     0.20000
         9      0.043451757282     9  F     0.20000
        10      0.062673183159    10  F     0.20000
        11      0.046887999188    10  F     0.20000
        12      0.006412467688    10  T     0.20000
        13      0.025651211951    10  F     0.20000
        14      0.018448315918    10  F     0.20000
        15      0.009951594471    10  F     0.20000
        16      0.009650274646    10  F     0.20000
        17      0.008361408884    10  F     0.20000
        18      0.006250034100    10  T     0.20000
        19      0.002757412412    10  T     0.20000
        20      0.001206437306    10  T     0.20000
        21      0.000538432774    10  T     0.20000
        22      0.000435672964    10  T     0.20000
        23      0.000106651723    10  T     0.20000
        24      0.000029137519    10  T     0.20000
        25      0.000005804454     0  X    CONVERGED

    RISM CYCLE IS CONVERGED

    ========== V-V 1DRISM ==========

    Temperature      : 298.00000[K]
    Charge Up Factor :   1.00000

   ITR      RESIDUAL       #-SUB MIN      DUMP
         1      0.397428468083     1  T     0.20000
         2      0.384947956672     2  T     0.20000
         3      0.234678011264     3  T     0.20000
         4      0.183921631888     4  T     0.20000
         5      0.076918497964     5  T     0.20000
         6      0.057167932580     6  T     0.20000
         7      0.048564442665     7  T     0.20000
         8      0.080394591711     8  F     0.20000
         9      0.053971214757     9  F     0.20000
        10      0.061996064949    10  F     0.20000
        11      0.021693560932    10  T     0.20000
        12      0.045682024106    10  F     0.20000
        13      0.012128744462    10  T     0.20000
        14      0.024488629096    10  F     0.20000
        15      0.008192352009    10  T     0.20000
        16      0.007807132133    10  T     0.20000
        17      0.006149564742    10  T     0.20000
        18      0.003755999687    10  T     0.20000
        19      0.002256121247    10  T     0.20000
        20      0.004069998671    10  F     0.20000
        21      0.001307206055    10  T     0.20000
        22      0.000190895927    10  T     0.20000
        23      0.000097582482    10  T     0.20000
        24      0.000041731781    10  T     0.20000
        25      0.000018161815    10  T     0.20000
        26      0.000006645856    10  T     0.20000
        27      0.000002742989    10  T     0.20000
        28      0.000003244823    10  F     0.20000
        29      0.000000410599    10  T     0.20000
        30      0.000000099913    10  T     0.20000
        31      0.000000047828    10  T     0.20000
        32      0.000000012521    10  T     0.20000
        33      0.000000003397     0  X    CONVERGED

    RISM CYCLE IS CONVERGED

    ======= Physical Property of V-V System =======

    Excess Chemical Potential:     -7.61805967[kJ/mol]

    GF Form Ex.Chem.Pot.     :    -23.50394874[kJ/mol]

    V-V Binding Energy       :   -110.82028918[kJ/mol]
     Site Contribution (On Solvent Site)
                   ----->O   :    -98.61617846[kJ/mol]
                   ----->H   :     -6.10205536[kJ/mol]
                   ----->H   :     -6.10205536[kJ/mol]

    Coordination Number 
     NAME     O   [Radius ]    H   [Radius ]    H   [Radius ]
     O     7.92457[  3.900] 0.47507[  2.000] 0.47507[  2.000]
     H     0.47507[  2.000] 1.52593[  2.650] 1.52593[  2.650]
     H     0.47507[  2.000] 1.52593[  2.650] 1.52593[  2.650]

    Density Fluctuation        :      0.06620598
    Isothermal Compressibility :      0.48145291[/GPa]
                               :      0.00004878[/atm]

    Pressure (A route)         :  0.60305927E+09[Pa]
                               :  0.59517307E+04[atm]
 
 -----------------------------------------------------------
         RISMiCal computation is completed normally.        
            --- Keep casting, tight lines. ---              
 -----------------------------------------------------------
  Users must cite the following papers for any publications,
  which include the results obtained with RISMiCal code.    
  References:                                               
 N. Yoshida, IOP Conf. Series: Mat. Sci. Eng.773 (2020)
  012062 (DOI:10.1088/1757-899X/773/1/012062)  
 N. Yoshida, J. Chem. Info. Model 57 (2017) 2646-2656 
 (DOI:10.1021/acs.jcim.7b00389)  
 N. Yoshida, J. Chem. Phys. 140 (2014) 214118 (DOI: 10.1063/1.4879795)  
 -----------------------------------------------------------
