 -----------------------------------------------------------
   #####   #   ####   #    #      ####           #    
   #    #  #  #    #  ##  ##  #  #    #          #    
   #    #  #  #       # ## #     #         ##    #    
   #####   #   ####   # ## #  #  #           #   #    
   # #     #       #  #    #  #  #        ####   #    
   #  #    #  #    #  #    #  #  #    #  #   #   #    
   #    #  #   ####   #    #  #   ####    ### #  ##   
                                                      
                                                      
  The Reference Interaction Site-Model integrated Calculator
  Copyright(C) 2021 -- Norio Yoshida -- All Rights Reserved.
 -----------------------------------------------------------

     RISMiCal home dir:/home/noriwo/software/RISMiCal

  -------------------------------------------------
     1D-RISM run for solute-solvent system
  -------------------------------------------------

    ======= Computational Conditions =======
    Closure Equation       : KH 
    Maximum Iteration      :       300
    Convergence Criterion  :  1.0000E-08
    Use CHARGEUP Procedure : OFF
    Guess of tau-bond      : F-BOND   
 -----------------------------------------------
             Solute parameters
 -----------------------------------------------
Number of solute site:   3
ATOM sig[Angs]   eps[J/mol]  charge[e]    ---X---     ---Y---     ---Z---   
O         3.15000   636.00000    -0.83400     0.00000     0.00000     0.00000
H         0.40000   192.50000     0.41700     0.00000     0.75670     0.58588
H         0.40000   192.50000     0.41700     0.00000    -0.75670     0.58588
 -----------------------------------------------
             Solvent parameters
 -----------------------------------------------
Number of solvent site:   3
ATOM SPC SYM sig[Angs]   eps[J/mol]  charge[e]    ---X---     ---Y---     ---Z---    density[M] 
O      1   1     3.15000   636.00000    -0.83400     0.00000     0.00000     0.00000    55.30000
H      1   2     0.40000   192.50000     0.41700     0.00000     0.75670     0.58588    55.30000
H      1  -2     0.40000   192.50000     0.41700     0.00000    -0.75670     0.58588    55.30000
Temperature :   298.00000[K]
 Solvent xvv file:h2o_vv.xvk

    ========== U-V 1DRISM ==========

    Temperature      : 298.00000[K]
    Charge Up Factor :   1.00000

   ITR      RESIDUAL       #-SUB MIN      DUMP
         1      4.399230147681     1  T     0.02273
         2      1.426872455799     2  T     0.07008
         3      1.383166739713     3  T     0.07230
         4      0.595314444193     4  T     0.16798
         5      0.331968048648     5  T     0.30000
         6      0.271455990338     6  T     0.30000
         7      0.142957419173     7  T     0.30000
         8      0.101092750323     8  T     0.30000
         9      0.064488311762     9  T     0.30000
        10      0.041932712507    10  T     0.30000
        11      0.039262137047    10  T     0.30000
        12      0.041733912510    10  F     0.30000
        13      0.042820211520    10  F     0.30000
        14      0.049058179217    10  F     0.30000
        15      0.037188525765    10  T     0.30000
        16      0.089124625151    10  F     0.30000
        17      0.020223399712    10  T     0.30000
        18      0.048461293588    10  F     0.30000
        19      0.063841296972    10  F     0.30000
        20      0.042502287177    10  F     0.30000
        21      0.036880221894    10  F     0.30000
        22      0.056793664827    10  F     0.30000
        23      0.045755258171    10  F     0.30000
        24      0.017205197797    10  T     0.30000
        25      0.005970458287    10  T     0.30000
        26      0.001029240350    10  T     0.30000
        27      0.000905591765    10  T     0.30000
        28      0.001055257281    10  F     0.30000
        29      0.000394067261    10  T     0.30000
        30      0.000230890089    10  T     0.30000
        31      0.000093192618    10  T     0.30000
        32      0.000034915929    10  T     0.30000
        33      0.000023104522    10  T     0.30000
        34      0.000004055344    10  T     0.30000
        35      0.000003031625    10  T     0.30000
        36      0.000001596295    10  T     0.30000
        37      0.000000458191    10  T     0.30000
        38      0.000000191784    10  T     0.30000
        39      0.000000062341    10  T     0.30000
        40      0.000000015728    10  T     0.30000
        41      0.000000004792     0  X    CONVERGED

    RISM CYCLE IS CONVERGED

    ======= Physical Property of U-V System =======

    Excess Chemical Potential : -0.24920369E+05[J/mol]
                      RBC/TPT :
                    ----->O   : -0.21577128E+05[J/mol]
                    ----->H   : -0.16716206E+04[J/mol]
                    ----->H   : -0.16716206E+04[J/mol]

    GF Form Ex.Chem.Pot.      : -0.40764750E+05[J/mol]
     Site Contribution (On Solute Site)
                    ----->O   : -0.28885793E+05[J/mol]
                    ----->H   : -0.59394781E+04[J/mol]
                    ----->H   : -0.59394781E+04[J/mol]

    U-V Binding Energy        : -0.11078561E+06[J/mol]
     Site Contribution (On Solute Site)
                    ----->O   : -0.98561099E+05[J/mol]
                    ----->H   : -0.61122576E+04[J/mol]
                    ----->H   : -0.61122576E+04[J/mol]

    Electrostatic Intraction  : -0.12561804E+06[J/mol]
     Site Contribution (On Solute Site)
                    ----->O   : -0.10831598E+03[J/mol]
                    ----->H   : -0.86510313E+01[J/mol]
                    ----->H   : -0.86510313E+01[J/mol]

    Coordination Number 
     U\V      O   [Radius ]    H   [Radius ]    H   [Radius ]
     O     7.89003[  3.900] 0.94827[  2.000] 0.94827[  0.000]
     H     0.47413[  2.000] 3.03801[  2.650] 3.03801[  0.000]
     H     0.47413[  2.000] 3.03801[  2.650] 3.03801[  0.000]

    Excess Chemical Potential Components [J/mol]
    U\V                O               H               H   
        O      0.84829013E+10 -0.84829228E+10 -0.84829228E+10
        H     -0.42414614E+10  0.42414597E+10  0.42414597E+10
        H     -0.42414614E+10  0.42414597E+10  0.42414597E+10

    ============= Partial Molar Volume =============
    Partial Molar Volume       =   0.18083183E-01 [L/mol]
    Isothermal Compressibility =   0.48997398E+00 [/GPa]

 -----------------------------------------------------------
         RISMiCal computation is completed normally.        
            --- Keep casting, tight lines. ---              
 -----------------------------------------------------------
  Users must cite the following papers for any publications,
  which include the results obtained with RISMiCal code.    
  References:                                               
 Y. Maruyama N. Yoshida, J. Comput. Chem. 45 (2024) 1470 (DOI:10.1002/jcc.27340)  
 N. Yoshida, IOP Conf. Series: Mat. Sci. Eng.773 (2020) 012062 (DOI:10.1088/1757-899X/773/1/012062)  
 N. Yoshida, J. Chem. Info. Model 57 (2017) 2646-2656 (DOI:10.1021/acs.jcim.7b00389)  
 N. Yoshida, J. Chem. Phys. 140 (2014) 214118 (DOI: 10.1063/1.4879795)  
 Y. Maruyama, N. Yoshida, H. Tadano, D. Takahashi, M. Sato, F. Hirata, J. Comput. Chem. 35 (2014) 1347.
 Y. Maruyama, F. Hirata, J. Chem. Theory Comput. 8 (2012) 3015. (DOI: 10.1063/1.4879795)  
 -----------------------------------------------------------
  Implimented Math Libraries
  3D Fast Fourier Transform: 
   Copyright(C) 2000-2004,2008-2014,2020 Daisuke Takahashi  (e-mail: daisuke[at]cs.tsukuba.ac.jp or ffte[at]ffte.jp)
  Fast Fourier Transform: 
   Copyright Takuya OOURA, 1996-2001
   Mathmatical Libra: SLATEC Common Mathmatical Library
   Fong, Kirby W.; Jefferson, Thomas H.; Suyehiro, Tokihiko;  Walton, Lee (July 1993). Guide to the SLATEC  Common Mathematical Library
 -----------------------------------------------------------
