 -----------------------------------------------------------
   #####   #   ####   #    #      ####           #    
   #    #  #  #    #  ##  ##  #  #    #          #    
   #    #  #  #       # ## #     #         ##    #    
   #####   #   ####   # ## #  #  #           #   #    
   # #     #       #  #    #  #  #        ####   #    
   #  #    #  #    #  #    #  #  #    #  #   #   #    
   #    #  #   ####   #    #  #   ####    ### #  ##   
                                                      
                                                      
  The Reference Interaction Site-Model integrated Calculator
  Copyright(C) 2021 -- Norio Yoshida -- All Rights Reserved.
 -----------------------------------------------------------

 RISMiCal home dir:/Users/noriwo/software/RISMiCal/                                                                                                                                                                                                                                

  -------------------------------------------------
     1D-RISM run for solute-solvent system
  -------------------------------------------------

    ======= Computational Conditions =======
    Closure Equation       : KH 
    Maximum Iteration      :       300
    Convergence Criterion  :  1.0000E-08
    Use CHARGEUP Procedure : OFF
    Guess of tau-bond      : F-BOND   
 -----------------------------------------------
             Solute parameters
 -----------------------------------------------
Number of solute site:   3
ATOM sig[Angs]   eps[J/mol]  charge[e]    ---X---     ---Y---     ---Z---   
O         3.10033   276.14400    -0.83400     0.00000     0.00000     0.00000
HO        1.69271   150.62400     0.41700     0.00000     0.75670     0.58588
HO        1.69271   150.62400     0.41700     0.00000    -0.75670     0.58588
 -----------------------------------------------
             Solvent parameters
 -----------------------------------------------
Number of solvnt site:   3
ATOM SPC sig[Angs]   eps[J/mol]  charge[e]    ---X---     ---Y---     ---Z---    density[M] 
O      1     3.15000   636.00000    -0.83400     0.00000     0.00000     0.00000    54.00000
H      1     0.40000   192.50000     0.41700     0.00000     0.75670     0.58588    54.00000
H      1     0.40000   192.50000     0.41700     0.00000    -0.75670     0.58588    54.00000
Temperature :   298.00000[K]
 Solvent xvv file:h2o_vv.hvk                                                                                                                                                                                                                                                      

    ========== U-V 1DRISM ==========

    Temperature      : 298.00000[K]
    Charge Up Factor :   1.00000

   ITR      RESIDUAL       #-SUB MIN      DUMP
     1      7.575493924846     1  T     0.01320
     2      2.484551591953     2  T     0.04025
     3      2.375173101082     3  T     0.04210
     4      1.054181283772     4  T     0.09486
     5      0.612870191683     5  T     0.16317
     6      0.559133653230     6  T     0.17885
     7      0.344026119222     7  T     0.29068
     8      0.263289258534     8  T     0.30000
     9      0.157907820576     9  T     0.30000
    10      0.086040088536    10  T     0.30000
    11      0.077110709449    10  T     0.30000
    12      0.088706505790    10  F     0.30000
    13      0.078306343850    10  F     0.30000
    14      0.071971642731    10  T     0.30000
    15      0.079750183241    10  F     0.30000
    16      0.157426355169    10  F     0.30000
    17      0.116175379728    10  F     0.30000
    18      0.199723960152    10  F     0.30000
    19      0.213177278857    10  F     0.30000
    20      0.214664832929    10  F     0.30000
    21      0.215533982091    10  F     0.30000
    22      0.196168785414    10  F     0.30000
    23      0.142478038017    10  F     0.30000
    24      0.057120016152    10  T     0.30000
    25      0.068437877246    10  F     0.30000
    26      0.041807200189    10  T     0.30000
Note: The following floating-point exceptions are signalling: IEEE_UNDERFLOW_FLAG
    27      0.078061668811    10  F     0.30000
    28      0.030935345768    10  T     0.30000
    29      0.021404650069    10  T     0.30000
    30      0.023290906265    10  F     0.30000
    31      0.024755429335    10  F     0.30000
    32      0.005358716720    10  T     0.30000
    33      0.002321863294    10  T     0.30000
    34      0.001886966480    10  T     0.30000
    35      0.000870292892    10  T     0.30000
    36      0.000614383770    10  T     0.30000
    37      0.000240741207    10  T     0.30000
    38      0.000108872246    10  T     0.30000
    39      0.000035787400    10  T     0.30000
    40      0.000013528184    10  T     0.30000
    41      0.000002881201    10  T     0.30000
    42      0.000001291294    10  T     0.30000
    43      0.000000294522    10  T     0.30000
    44      0.000000066883    10  T     0.30000
    45      0.000000024257    10  T     0.30000
        46      0.000000006048    10  X    CONVERGED

    RISM CYCLE IS CONVERGED

    ======= Physical Property of U-V System =======

    Excess Chemical Potential :    -25.72335963[kJ/mol]
                      RBC/TPT :
                    ----->O   :    -64.32262405[kJ/mol]
                    ----->HO  :     19.29963221[kJ/mol]
                    ----->HO  :     19.29963221[kJ/mol]

    GF Form Ex.Chem.Pot.      :    -41.27326310[kJ/mol]
     Site Contribution (On Solute Site)
                    ----->O   :    -71.74100471[kJ/mol]
                    ----->HO  :     15.23387080[kJ/mol]
                    ----->HO  :     15.23387080[kJ/mol]

    U-V Binding Energy        :   -111.30122411[kJ/mol]
     Site Contribution (On Solute Site)
                    ----->O   :   -150.84205078[kJ/mol]
                    ----->HO  :     19.77041333[kJ/mol]
                    ----->HO  :     19.77041333[kJ/mol]

    Electrostatic Intraction  : -0.12627243E+03[kJ/mol]
     Site Contribution (On Solute Site)
                    ----->O   : -0.16800103E+03[kJ/mol]
                    ----->HO  :  0.20864301E+02[kJ/mol]
                    ----->HO  :  0.20864301E+02[kJ/mol]

    Coordination Number 
     U\V      O   [Radius ]    H   [Radius ]    H   [Radius ]
     O     6.13098[  3.650] 0.67669[  2.000] 0.67669[  2.000]
     HO   10.96946[  4.400] 1.15208[  2.550] 1.15208[  2.550]
     HO   10.96946[  4.400] 1.15208[  2.550] 1.15208[  2.550]

    Excess Chemical Potential Components [kJ/mol]
    U\V                O               H               H   
        O        517682.50439   -258873.41351   -258873.41351
        HO      -258826.00468    129422.65216    129422.65216
        HO      -258826.00468    129422.65216    129422.65216

    ============= Partial Molar Volume =============
    Partial Molar Volume       =   0.19209250E-01 [L/mol]
    Isothermal Compressibility =   0.54994558     [/GPa]

 -----------------------------------------------------------
         RISMiCal computation is completed normally.        
            --- Keep casting, tight lines. ---              
 -----------------------------------------------------------
  Users must cite the following papers for any publications,
  which include the results obtained with RISMiCal code.    
  References:                                               
 N. Yoshida, IOP Conf. Series: Mat. Sci. Eng.773 (2020) 012062 (DOI:10.1088/1757-899X/773/1/012062)  
 N. Yoshida, J. Chem. Info. Model 57 (2017) 2646-2656 (DOI:10.1021/acs.jcim.7b00389)  
 N. Yoshida, J. Chem. Phys. 140 (2014) 214118 (DOI: 10.1063/1.4879795)  
 -----------------------------------------------------------
