
 -----------------------------------------------
      Restrained ESP Fit 2.3  Amber 4.1
 -----------------------------------------------
 Resp charges for organic molecule                                               
 -----------------------------------------------


 inopt       =     0   ioutopt     =     1
 nmol        =     1   iqopt       =     2
 ihfree      =     1   irstrnt     =     1
 iunits      =     0   qwt         =   0.00100000
 wtmol(1) =     1.000000
 subtitle:

Resp charges for organic molecule                                               
ich =   0  iuniq =  10
    1    7  -99
    2    1  -99
    3    6    0
    4    1  -99
    5    1  -99
    6    6  -99
    7    1    0
    8    1    7
    9    8  -99
   10    8  -99
 new q0 values to be read  10

  ----------------------------------------------------------------------------
     ATOM                       COORDINATES                         CHARGE
                       X             Y                Z
  ----------------------------------------------------------------------------
  ----------------------------------------------------------------------------


 Charge on the molecule(ich) =    0
 Total number of atoms (iuniq)     =   10
 Weight factor on initial charge restraints(qwt)=     0.10000D-02


  there are  1 charge constraints:


     1       1
     2       1
     3       1
     4       1
     5       1
     6       1
     7       1
     8       1
     9       1
    10       1

 Reading esp"s for molecule   1
 total number of atoms      =    10
 total number of esp points =  3841


 center     X       Y       Z 
    1   0.1617122E+01  -0.2209689E+01   0.0000000E+00
    2   0.3431319E+01  -0.1616793E+01   0.0000000E+00
    3   0.0000000E+00   0.0000000E+00   0.0000000E+00
    4   0.1261141E+01  -0.3095120E+01  -0.1652917E+01
    5   0.1261141E+01  -0.3095120E+01   0.1652917E+01
    6   0.1583362E+01   0.2401101E+01   0.0000000E+00
    7  -0.1189505E+01  -0.1848530E-01  -0.1681522E+01
    8  -0.1189505E+01  -0.1848530E-01   0.1681522E+01
    9   0.3957203E+01   0.2259980E+01   0.0000000E+00
   10   0.3734684E+00   0.4817426E+01   0.0000000E+00
 Initial ssvpot =    15.765


 Number of unique UNfrozen centers=    2

 Non-linear optimization requested.
 qchnge =    0.1575706941    
 qchnge =    0.4859016267E-04
 qchnge =    0.8023382294E-07

 Convergence in    2 iterations


Resp charges for organic molecule                                               

          Point Charges Before & After Optimization

    no.  At.no.    q(init)       q(opt)     ivary    d(rstr)/dq
    1   7      -0.597725      -0.597725    -99       0.001650
    2   1       0.395976       0.395976    -99       0.000000
    3   6       0.054154       0.053957      0       0.008801
    4   1       0.395976       0.395976    -99       0.000000
    5   1       0.395976       0.395976    -99       0.000000
    6   6       0.731974       0.731974    -99       0.001354
    7   1       0.056821       0.056920      0       0.000000
    8   1       0.056821       0.056920      7       0.000000
    9   8      -0.744987      -0.744987    -99       0.001330
   10   8      -0.744987      -0.744987    -99       0.001330

 Sum over the calculated charges:      0.000

        Statistics of the fitting:
  The initial sum of squares (ssvpot)                     15.765
  The residual sum of squares (chipot)                     0.047
  The std err of estimate (sqrt(chipot/N))               0.00351
  ESP relative RMS (SQRT(chipot/ssvpot))                 0.05475

 Center of Mass (Angst.):

 X  =   0.00000      Y  =   0.00000      Z  =   0.00000

 Dipole (Debye):

 X  =  -2.06350      Y  = -13.44021      Z  =   0.00000

 Dipole Moment (Debye)=  13.59770

 Quadrupole (Debye*Angst.):

 Qxx =  -2.88499     QYY = -26.11066     QZZ =  28.99565
 Qxy = -14.80724     QXZ =  18.96591     QYZ =  18.96591
