 -----------------------------------------------------------
   #####   #   ####   #    #      ####           #    
   #    #  #  #    #  ##  ##  #  #    #          #    
   #    #  #  #       # ## #     #         ##    #    
   #####   #   ####   # ## #  #  #           #   #    
   # #     #       #  #    #  #  #        ####   #    
   #  #    #  #    #  #    #  #  #    #  #   #   #    
   #    #  #   ####   #    #  #   ####    ### #  ##   
                                                      
                                                      
  The Reference Interaction Site-Model integrated Calculator
  Copyright(C) 2021 -- Norio Yoshida -- All Rights Reserved.
 -----------------------------------------------------------

 RISMiCal home dir:/Users/noriwo/software/RISMiCal/                                                                                                                                                                                                                                

  -------------------------------------------------
    1D-RISM run for solvent-solvent system
  -------------------------------------------------

    ======= Computational Conditions =======
    Closure Equation       : KH 
    Maximum Iteration      :       300
    Convergence Criterion  :  1.0000E-08
    Use CHARGEUP Procedure : ON 
    Guess of tau-bond      : F-BOND   
      --------------------------------------
         Number of Grid :        1024
            Grid witdth :      0.0500  [A]
      --------------------------------------
 -----------------------------------------------
             Solvent parameters
 -----------------------------------------------
Solvent species:   1    Total number of solvent site:   3
  Density[M]  : Solvent
    54.00000    TIP3P                                                                           
ATOM SPC sig[Angs]   eps[J/mol]  charge[e]    ---X---     ---Y---     ---Z---    density[M] 
O      1     3.15000   636.00000    -0.83400     0.00000     0.00000     0.00000    54.00000
H      1     0.40000   192.50000     0.41700     0.00000     0.75670     0.58588    54.00000
H      1     0.40000   192.50000     0.41700     0.00000    -0.75670     0.58588    54.00000
Temperature :   298.00000 [K]

    ========== V-V 1DRISM ==========

    Temperature      : 298.00000[K]
    Charge Up Factor :   0.00000
 BUHIBUHI        9216

   ITR      RESIDUAL       #-SUB MIN      DUMP
 BUHIBUHI        9216
         1      0.142873433405     1  T     0.30000
 BUHIBUHI        9216
         2      0.095412940014     2  T     0.30000
 BUHIBUHI        9216
         3      0.074946959258     3  T     0.30000
 BUHIBUHI        9216
         4      0.153977435090     4  F     0.30000
 BUHIBUHI        9216
         5      0.111740681721     5  F     0.30000
 BUHIBUHI        9216
         6      0.095821039495     6  F     0.30000
 BUHIBUHI        9216
         7      0.096372614268     7  F     0.30000
 BUHIBUHI        9216
         8      0.081511451801     8  F     0.30000
 BUHIBUHI        9216
         9      0.082894175703     9  F     0.30000
 BUHIBUHI        9216
        10      0.095050389747    10  F     0.30000
 BUHIBUHI        9216
        11      0.053476364848    10  T     0.30000
 BUHIBUHI        9216
        12      0.044399505527    10  T     0.30000
 BUHIBUHI        9216
        13      0.029799552006    10  T     0.30000
 BUHIBUHI        9216
        14      0.006824047146    10  T     0.30000
 BUHIBUHI        9216
        15      0.011308767330    10  F     0.30000
 BUHIBUHI        9216
        16      0.005576934087    10  T     0.30000
 BUHIBUHI        9216
        17      0.003270584672    10  T     0.30000
 BUHIBUHI        9216
        18      0.002051010125    10  T     0.30000
 BUHIBUHI        9216
        19      0.000627964097    10  T     0.30000
 BUHIBUHI        9216
        20      0.000311807096    10  T     0.30000
 BUHIBUHI        9216
        21      0.000214315693    10  T     0.30000
 BUHIBUHI        9216
        22      0.000109532617    10  T     0.30000
 BUHIBUHI        9216
        23      0.000211332776    10  F     0.30000
 BUHIBUHI        9216
        24      0.000039581751    10  T     0.30000
 BUHIBUHI        9216
        25      0.000022616425    10  T     0.30000
 BUHIBUHI        9216
        26      0.000006995516     0  X    CONVERGED

    RISM CYCLE IS CONVERGED

    ========== V-V 1DRISM ==========

    Temperature      : 298.00000[K]
    Charge Up Factor :   0.20000
 BUHIBUHI        9216

   ITR      RESIDUAL       #-SUB MIN      DUMP
 BUHIBUHI        9216
         1      0.782892201531     1  T     0.12773
 BUHIBUHI        9216
         2      0.718944287936     2  T     0.13909
 BUHIBUHI        9216
         3      0.417569866672     3  T     0.23948
 BUHIBUHI        9216
         4      0.503323062837     4  F     0.19868
 BUHIBUHI        9216
         5      0.809135369202     5  F     0.12359
 BUHIBUHI        9216
         6      0.331954103649     6  T     0.30000
 BUHIBUHI        9216
         7      0.206067410202     7  T     0.30000
 BUHIBUHI        9216
         8      0.903192027438     8  F     0.11072
 BUHIBUHI        9216
         9      0.534552157672     9  F     0.18707
 BUHIBUHI        9216
        10      0.512878606629    10  F     0.19498
 BUHIBUHI        9216
        11      0.752928816801    10  F     0.13281
 BUHIBUHI        9216
        12      0.645793182756    10  F     0.15485
 BUHIBUHI        9216
        13      2.453793149605     2  F     0.04075
 BUHIBUHI        9216
        14      0.208783593863     3  T     0.30000
 BUHIBUHI        9216
        15      0.369558038860     4  F     0.27059
 BUHIBUHI        9216
        16      0.472212981092     5  F     0.21177
 BUHIBUHI        9216
        17      0.517561062298     6  F     0.19321
 BUHIBUHI        9216
        18      0.516993614495     7  F     0.19343
 BUHIBUHI        9216
        19      0.503690407001     8  F     0.19853
 BUHIBUHI        9216
        20      0.539827198511     9  F     0.18524
 BUHIBUHI        9216
        21      0.544348454118    10  F     0.18371
 BUHIBUHI        9216
        22      0.553939415461    10  F     0.18053
 BUHIBUHI        9216
        23      0.570955330627    10  F     0.17515
 BUHIBUHI        9216
        24      0.433545088094    10  F     0.23066
 BUHIBUHI        9216
        25      0.437477793474    10  F     0.22858
 BUHIBUHI        9216
        26      0.263238266830    10  F     0.30000
 BUHIBUHI        9216
        27      0.202450786659    10  T     0.30000
 BUHIBUHI        9216
        28      0.482210213457    10  F     0.20738
 BUHIBUHI        9216
        29      0.246546438048    10  F     0.30000
 BUHIBUHI        9216
        30      1.581572919301    10  F     0.06323
 BUHIBUHI        9216
        31      0.233478489614    10  F     0.30000
 BUHIBUHI        9216
        32      0.064057409757    10  T     0.30000
 BUHIBUHI        9216
        33      0.060445097676    10  T     0.30000
 BUHIBUHI        9216
        34      0.065073132537    10  F     0.30000
 BUHIBUHI        9216
        35      0.057971780224    10  T     0.30000
 BUHIBUHI        9216
        36      0.021849127688    10  T     0.30000
 BUHIBUHI        9216
        37      0.063594394738    10  F     0.30000
 BUHIBUHI        9216
        38      0.101084998262    10  F     0.30000
 BUHIBUHI        9216
        39      0.089402247899    10  F     0.30000
 BUHIBUHI        9216
        40      0.115342175942    10  F     0.30000
 BUHIBUHI        9216
        41      0.059237094872    10  F     0.30000
 BUHIBUHI        9216
        42      0.024909374004    10  F     0.30000
 BUHIBUHI        9216
        43      0.014733949914    10  T     0.30000
 BUHIBUHI        9216
        44      0.013220487803    10  T     0.30000
 BUHIBUHI        9216
        45      0.029762824440    10  F     0.30000
 BUHIBUHI        9216
        46      0.027595587242    10  F     0.30000
 BUHIBUHI        9216
        47      0.030078037068    10  F     0.30000
 BUHIBUHI        9216
        48      0.011491908632    10  T     0.30000
 BUHIBUHI        9216
        49      0.015288489266    10  F     0.30000
 BUHIBUHI        9216
        50      0.015030478703    10  F     0.30000
 BUHIBUHI        9216
        51      0.012796760935    10  F     0.30000
 BUHIBUHI        9216
        52      0.012923276994    10  F     0.30000
 BUHIBUHI        9216
        53      0.011562789420    10  F     0.30000
 BUHIBUHI        9216
        54      0.011601903269    10  F     0.30000
 BUHIBUHI        9216
        55      0.011468431961    10  T     0.30000
 BUHIBUHI        9216
        56      0.011452479264    10  T     0.30000
 BUHIBUHI        9216
        57      0.010811981863    10  T     0.30000
 BUHIBUHI        9216
        58      0.010633836565    10  T     0.30000
 BUHIBUHI        9216
        59      0.010453403350    10  T     0.30000
 BUHIBUHI        9216
        60      0.010840494092    10  F     0.30000
 BUHIBUHI        9216
        61      0.010365751412    10  T     0.30000
 BUHIBUHI        9216
        62      0.010233979965    10  T     0.30000
 BUHIBUHI        9216
        63      0.010097120970    10  T     0.30000
 BUHIBUHI        9216
        64      0.011297973951    10  F     0.30000
 BUHIBUHI        9216
        65      0.003579493810    10  T     0.30000
 BUHIBUHI        9216
        66      0.002130662074    10  T     0.30000
 BUHIBUHI        9216
        67      0.003226511481    10  F     0.30000
 BUHIBUHI        9216
        68      0.001100034955    10  T     0.30000
 BUHIBUHI        9216
        69      0.000968883556    10  T     0.30000
 BUHIBUHI        9216
        70      0.000486339466    10  T     0.30000
 BUHIBUHI        9216
        71      0.000504730362    10  F     0.30000
 BUHIBUHI        9216
        72      0.000109154231    10  T     0.30000
 BUHIBUHI        9216
        73      0.000069779225    10  T     0.30000
 BUHIBUHI        9216
        74      0.000022258444    10  T     0.30000
 BUHIBUHI        9216
        75      0.000014844033    10  T     0.30000
 BUHIBUHI        9216
        76      0.000012108239    10  T     0.30000
 BUHIBUHI        9216
        77      0.000011307190    10  T     0.30000
 BUHIBUHI        9216
        78      0.000011240086    10  T     0.30000
 BUHIBUHI        9216
        79      0.000011102631    10  T     0.30000
 BUHIBUHI        9216
        80      0.000010679025    10  T     0.30000
 BUHIBUHI        9216
        81      0.000009364618     0  X    CONVERGED

    RISM CYCLE IS CONVERGED

    ========== V-V 1DRISM ==========

    Temperature      : 298.00000[K]
    Charge Up Factor :   0.40000
 BUHIBUHI        9216

   ITR      RESIDUAL       #-SUB MIN      DUMP
 BUHIBUHI        9216
         1      0.787066094539     1  T     0.12705
 BUHIBUHI        9216
         2      0.725051450674     2  T     0.13792
 BUHIBUHI        9216
         3      0.415242598454     3  T     0.24082
 BUHIBUHI        9216
         4      1.025199879120     4  F     0.09754
 BUHIBUHI        9216
         5      0.898088600294     5  F     0.11135
 BUHIBUHI        9216
         6      0.689465494310     6  F     0.14504
 BUHIBUHI        9216
         7      0.303969397312     7  T     0.30000
 BUHIBUHI        9216
         8      1.215674862057     8  F     0.08226
 BUHIBUHI        9216
         9      1.064115798470     9  F     0.09397
 BUHIBUHI        9216
        10      1.107546625397    10  F     0.09029
 BUHIBUHI        9216
        11      2.690314125209    10  F     0.03717
 BUHIBUHI        9216
        12      2.327457366556    10  F     0.04297
 BUHIBUHI        9216
        13      0.238109812935    10  T     0.30000
 BUHIBUHI        9216
        14      1.921524740627    10  F     0.05204
 BUHIBUHI        9216
        15      0.237620113165    10  T     0.30000
 BUHIBUHI        9216
        16      0.510895780076    10  F     0.19573
 BUHIBUHI        9216
        17      0.539873642619    10  F     0.18523
 BUHIBUHI        9216
        18      1.281916644521    10  F     0.07801
 BUHIBUHI        9216
        19      1.833686216073    10  F     0.05453
 BUHIBUHI        9216
        20      0.585399759378    10  F     0.17082
 BUHIBUHI        9216
        21      0.278363755430    10  F     0.30000
 BUHIBUHI        9216
        22      0.396276211350    10  F     0.25235
 BUHIBUHI        9216
        23      0.755779473015    10  F     0.13231
 BUHIBUHI        9216
        24      0.643927187922    10  F     0.15530
 BUHIBUHI        9216
        25      1.585092942559    10  F     0.06309
 BUHIBUHI        9216
        26      3.327613324569     2  F     0.03005
 BUHIBUHI        9216
        27      0.517412637619     3  T     0.19327
 BUHIBUHI        9216
        28      0.316549085601     4  T     0.30000
 BUHIBUHI        9216
        29      0.331299661003     5  F     0.30000
 BUHIBUHI        9216
        30      1.087000772462     6  F     0.09200
 BUHIBUHI        9216
        31      0.855523304621     7  F     0.11689
 BUHIBUHI        9216
        32     17.609542810065     2  F     0.00568
 BUHIBUHI        9216
        33      0.317224916236     3  T     0.30000
 BUHIBUHI        9216
        34      0.205802208655     4  T     0.30000
 BUHIBUHI        9216
        35      0.186636318622     5  T     0.30000
 BUHIBUHI        9216
        36      0.387928813279     6  F     0.25778
 BUHIBUHI        9216
        37      0.375369674251     7  F     0.26640
 BUHIBUHI        9216
        38      0.301267503333     8  F     0.30000
 BUHIBUHI        9216
        39      0.608770062953     9  F     0.16427
 BUHIBUHI        9216
        40      0.599977083027    10  F     0.16667
 BUHIBUHI        9216
        41      0.594520656062    10  F     0.16820
 BUHIBUHI        9216
        42      0.366648063533    10  F     0.27274
 BUHIBUHI        9216
        43      0.359100357401    10  F     0.27847
 BUHIBUHI        9216
        44      0.282842331216    10  F     0.30000
 BUHIBUHI        9216
        45      0.877963450363    10  F     0.11390
 BUHIBUHI        9216
        46      0.481381601019    10  F     0.20774
 BUHIBUHI        9216
        47      0.672589847476    10  F     0.14868
 BUHIBUHI        9216
        48      0.501123764751    10  F     0.19955
 BUHIBUHI        9216
        49      0.490923792904    10  F     0.20370
 BUHIBUHI        9216
        50      0.343169684100    10  F     0.29140
 BUHIBUHI        9216
        51      0.432628973243    10  F     0.23114
 BUHIBUHI        9216
        52      0.439577915824    10  F     0.22749
 BUHIBUHI        9216
        53      0.806932025011    10  F     0.12393
 BUHIBUHI        9216
        54      0.827130123086    10  F     0.12090
 BUHIBUHI        9216
        55      0.228930889207    10  F     0.30000
 BUHIBUHI        9216
        56      0.912774700001    10  F     0.10956
 BUHIBUHI        9216
        57      1.019702119550    10  F     0.09807
 BUHIBUHI        9216
        58      0.816857976819    10  F     0.12242
 BUHIBUHI        9216
        59      0.492209725345    10  F     0.20317
 BUHIBUHI        9216
        60      0.484670101301    10  F     0.20633
 BUHIBUHI        9216
        61      0.445596488583    10  F     0.22442
 BUHIBUHI        9216
        62      0.407053111811    10  F     0.24567
 BUHIBUHI        9216
        63      0.437708306400    10  F     0.22846
 BUHIBUHI        9216
        64      0.111692879027    10  T     0.30000
 BUHIBUHI        9216
        65      1.775744601884     2  F     0.05631
 BUHIBUHI        9216
        66      0.056790037550     3  T     0.30000
 BUHIBUHI        9216
        67      0.196560776234     4  F     0.30000
 BUHIBUHI        9216
        68      0.304500572970     5  F     0.30000
 BUHIBUHI        9216
        69      0.204688119629     6  F     0.30000
 BUHIBUHI        9216
        70      0.292953755977     7  F     0.30000
 BUHIBUHI        9216
        71      0.516808928068     8  F     0.19350
 BUHIBUHI        9216
        72      0.506481378337     9  F     0.19744
 BUHIBUHI        9216
        73      0.070617855341    10  F     0.30000
 BUHIBUHI        9216
        74      0.205267741742    10  F     0.30000
 BUHIBUHI        9216
        75      0.242670484723    10  F     0.30000
 BUHIBUHI        9216
        76      0.222698101010    10  F     0.30000
 BUHIBUHI        9216
        77      0.177300675214    10  F     0.30000
 BUHIBUHI        9216
        78      0.080699993007    10  F     0.30000
 BUHIBUHI        9216
        79      0.170560674607    10  F     0.30000
 BUHIBUHI        9216
        80      0.169297849877    10  F     0.30000
 BUHIBUHI        9216
        81      0.142642142787    10  F     0.30000
 BUHIBUHI        9216
        82      0.083322867013    10  F     0.30000
 BUHIBUHI        9216
        83      1.442374321869     2  F     0.06933
 BUHIBUHI        9216
        84      0.197299979979     3  T     0.30000
 BUHIBUHI        9216
        85      0.346967816068     4  F     0.28821
 BUHIBUHI        9216
        86      0.310832646360     5  F     0.30000
 BUHIBUHI        9216
        87      0.183823252930     6  T     0.30000
 BUHIBUHI        9216
        88      0.081950602606     7  T     0.30000
 BUHIBUHI        9216
        89      0.053666941073     8  T     0.30000
 BUHIBUHI        9216
        90      0.043259981608     9  T     0.30000
 BUHIBUHI        9216
        91      0.082501691263    10  F     0.30000
 BUHIBUHI        9216
        92      0.265419887175    10  F     0.30000
 BUHIBUHI        9216
        93      0.410620650036    10  F     0.24353
 BUHIBUHI        9216
        94      0.418217230714    10  F     0.23911
 BUHIBUHI        9216
        95      0.445895490490     2  F     0.22427
 BUHIBUHI        9216
        96      0.024771980949     3  T     0.30000
 BUHIBUHI        9216
        97      0.019647901409     4  T     0.30000
 BUHIBUHI        9216
        98      0.034885733213     5  F     0.30000
 BUHIBUHI        9216
        99      0.043683441961     6  F     0.30000
 BUHIBUHI        9216
       100      0.052170972158     7  F     0.30000
 BUHIBUHI        9216
       101      0.053214790263     8  F     0.30000
 BUHIBUHI        9216
       102      0.049190963862     9  F     0.30000
 BUHIBUHI        9216
       103      0.048048137125    10  F     0.30000
 BUHIBUHI        9216
       104      0.043940669418    10  F     0.30000
 BUHIBUHI        9216
       105      0.016252145378    10  T     0.30000
 BUHIBUHI        9216
       106      0.035312426593    10  F     0.30000
 BUHIBUHI        9216
       107      0.063886546881    10  F     0.30000
 BUHIBUHI        9216
       108      0.019985084732    10  F     0.30000
 BUHIBUHI        9216
       109      0.015884754445    10  T     0.30000
 BUHIBUHI        9216
       110      0.020420493834    10  F     0.30000
 BUHIBUHI        9216
       111      0.019534405387    10  F     0.30000
 BUHIBUHI        9216
       112      0.010791745186    10  T     0.30000
 BUHIBUHI        9216
       113      0.010661246236    10  T     0.30000
 BUHIBUHI        9216
       114      0.005675820883    10  T     0.30000
 BUHIBUHI        9216
       115      0.012802404362    10  F     0.30000
 BUHIBUHI        9216
       116      0.004310229981    10  T     0.30000
 BUHIBUHI        9216
       117      0.003748008040    10  T     0.30000
 BUHIBUHI        9216
       118      0.002048176769    10  T     0.30000
 BUHIBUHI        9216
       119      0.001981185863    10  T     0.30000
 BUHIBUHI        9216
       120      0.002009219351    10  F     0.30000
 BUHIBUHI        9216
       121      0.002748607433    10  F     0.30000
 BUHIBUHI        9216
       122      0.002052095225    10  F     0.30000
 BUHIBUHI        9216
       123      0.000842465221    10  T     0.30000
 BUHIBUHI        9216
       124      0.000645541550    10  T     0.30000
 BUHIBUHI        9216
       125      0.000781515501    10  F     0.30000
 BUHIBUHI        9216
       126      0.000461864038    10  T     0.30000
 BUHIBUHI        9216
       127      0.000127335014    10  T     0.30000
 BUHIBUHI        9216
       128      0.000170462566    10  F     0.30000
 BUHIBUHI        9216
       129      0.000091373862    10  T     0.30000
 BUHIBUHI        9216
       130      0.000050311038    10  T     0.30000
 BUHIBUHI        9216
       131      0.000043831883    10  T     0.30000
 BUHIBUHI        9216
       132      0.000045660832    10  F     0.30000
 BUHIBUHI        9216
       133      0.000011540331    10  T     0.30000
 BUHIBUHI        9216
       134      0.000006669328     0  X    CONVERGED

    RISM CYCLE IS CONVERGED

    ========== V-V 1DRISM ==========

    Temperature      : 298.00000[K]
    Charge Up Factor :   0.60000
 BUHIBUHI        9216

   ITR      RESIDUAL       #-SUB MIN      DUMP
 BUHIBUHI        9216
         1      1.209637817335     1  T     0.08267
 BUHIBUHI        9216
         2      0.767717589121     2  T     0.13026
 BUHIBUHI        9216
         3      0.672395757973     3  T     0.14872
 BUHIBUHI        9216
         4      0.278396065411     4  T     0.30000
 BUHIBUHI        9216
         5      0.174717283016     5  T     0.30000
 BUHIBUHI        9216
         6      0.092301997529     6  T     0.30000
 BUHIBUHI        9216
         7      0.063083772735     7  T     0.30000
 BUHIBUHI        9216
         8      0.135571137220     8  F     0.30000
 BUHIBUHI        9216
         9      0.146951542565     9  F     0.30000
 BUHIBUHI        9216
        10      0.263327213688    10  F     0.30000
 BUHIBUHI        9216
        11      0.196793927919    10  F     0.30000
 BUHIBUHI        9216
        12      0.145684232545    10  F     0.30000
 BUHIBUHI        9216
        13      0.124396595605    10  F     0.30000
 BUHIBUHI        9216
        14      0.102517739844    10  F     0.30000
 BUHIBUHI        9216
        15      0.049884140218    10  T     0.30000
 BUHIBUHI        9216
        16      0.028755291442    10  T     0.30000
 BUHIBUHI        9216
        17      0.017338531885    10  T     0.30000
 BUHIBUHI        9216
        18      0.017415914581    10  F     0.30000
 BUHIBUHI        9216
        19      0.010956189673    10  T     0.30000
 BUHIBUHI        9216
        20      0.029786005998    10  F     0.30000
 BUHIBUHI        9216
        21      0.012205658717    10  F     0.30000
 BUHIBUHI        9216
        22      0.013592212969    10  F     0.30000
 BUHIBUHI        9216
        23      0.030694783663    10  F     0.30000
 BUHIBUHI        9216
        24      0.022217816004    10  F     0.30000
 BUHIBUHI        9216
        25      0.009046391412    10  T     0.30000
 BUHIBUHI        9216
        26      0.007167495943    10  T     0.30000
 BUHIBUHI        9216
        27      0.005570061752    10  T     0.30000
 BUHIBUHI        9216
        28      0.005269080546    10  T     0.30000
 BUHIBUHI        9216
        29      0.002889043920    10  T     0.30000
 BUHIBUHI        9216
        30      0.001790861673    10  T     0.30000
 BUHIBUHI        9216
        31      0.002490501083    10  F     0.30000
 BUHIBUHI        9216
        32      0.000552947602    10  T     0.30000
 BUHIBUHI        9216
        33      0.000539498991    10  T     0.30000
 BUHIBUHI        9216
        34      0.000236563803    10  T     0.30000
 BUHIBUHI        9216
        35      0.000239644774    10  F     0.30000
 BUHIBUHI        9216
        36      0.000058368502    10  T     0.30000
 BUHIBUHI        9216
        37      0.000018826934    10  T     0.30000
 BUHIBUHI        9216
        38      0.000008646073     0  X    CONVERGED

    RISM CYCLE IS CONVERGED

    ========== V-V 1DRISM ==========

    Temperature      : 298.00000[K]
    Charge Up Factor :   0.80000
 BUHIBUHI        9216

   ITR      RESIDUAL       #-SUB MIN      DUMP
 BUHIBUHI        9216
         1      0.797318811691     1  T     0.12542
 BUHIBUHI        9216
         2      0.737204116809     2  T     0.13565
 BUHIBUHI        9216
         3      0.532365851804     3  T     0.18784
 BUHIBUHI        9216
         4      1.490835823102     4  F     0.06708
 BUHIBUHI        9216
         5      0.628132705910     5  F     0.15920
 BUHIBUHI        9216
         6      0.874537237404     6  F     0.11435
 BUHIBUHI        9216
         7     52.204509714010     2  F     0.00192
 BUHIBUHI        9216
         8      0.542883961815     3  T     0.18420
 BUHIBUHI        9216
         9      0.272249578129     4  T     0.30000
 BUHIBUHI        9216
        10      0.870525467774     5  F     0.11487
 BUHIBUHI        9216
        11      0.236873781971     6  T     0.30000
 BUHIBUHI        9216
        12      0.121993313335     7  T     0.30000
 BUHIBUHI        9216
        13      0.293517983253     8  F     0.30000
 BUHIBUHI        9216
        14      0.298200029714     9  F     0.30000
 BUHIBUHI        9216
        15      0.552889758672    10  F     0.18087
 BUHIBUHI        9216
        16      0.411140231955    10  F     0.24323
 BUHIBUHI        9216
        17      0.554492407592    10  F     0.18035
 BUHIBUHI        9216
        18      0.650820564574    10  F     0.15365
 BUHIBUHI        9216
        19      0.528727667202    10  F     0.18913
 BUHIBUHI        9216
        20      0.561073816165    10  F     0.17823
 BUHIBUHI        9216
        21      0.139125832461    10  F     0.30000
 BUHIBUHI        9216
        22      1.169851649159    10  F     0.08548
 BUHIBUHI        9216
        23      0.919695619986    10  F     0.10873
 BUHIBUHI        9216
        24      1.915740916162     2  F     0.05220
 BUHIBUHI        9216
        25      8.845375611869     3  T     0.01131
 BUHIBUHI        9216
        26      1.442661440662     4  T     0.06932
 BUHIBUHI        9216
        27      4.759923457723     5  F     0.02101
 BUHIBUHI        9216
        28      0.920699857424     6  T     0.10861
 BUHIBUHI        9216
        29      0.146740230226     7  T     0.30000
 BUHIBUHI        9216
        30      0.837019136708     8  F     0.11947
 BUHIBUHI        9216
        31      1.663850463273     2  F     0.06010
 BUHIBUHI        9216
        32      0.119526898759     3  T     0.30000
 BUHIBUHI        9216
        33      0.662076422883     4  F     0.15104
 BUHIBUHI        9216
        34      0.176609768955     5  F     0.30000
 BUHIBUHI        9216
        35      0.138768431443     6  F     0.30000
 BUHIBUHI        9216
        36      0.196854060337     7  F     0.30000
 BUHIBUHI        9216
        37      0.187467190098     8  F     0.30000
 BUHIBUHI        9216
        38     10.159502480325     2  F     0.00984
 BUHIBUHI        9216
        39      0.127043891581     3  T     0.30000
 BUHIBUHI        9216
        40      0.301399001569     4  F     0.30000
 BUHIBUHI        9216
        41      4.185972366482     2  F     0.02389
 BUHIBUHI        9216
        42      0.135286580359     3  T     0.30000
 BUHIBUHI        9216
        43     39.034140526268     2  F     0.00256
 BUHIBUHI        9216
        44      0.138023326606     3  T     0.30000
 BUHIBUHI        9216
        45      0.499171530250     4  F     0.20033
 BUHIBUHI        9216
        46      0.101278299943     5  T     0.30000
 BUHIBUHI        9216
        47      0.111761057159     6  F     0.30000
 BUHIBUHI        9216
        48      0.200414434905     7  F     0.30000
 BUHIBUHI        9216
        49      0.095933173121     8  T     0.30000
 BUHIBUHI        9216
        50      0.240681203651     9  F     0.30000
 BUHIBUHI        9216
        51      0.732073969292    10  F     0.13660
 BUHIBUHI        9216
        52      0.936500846474    10  F     0.10678
 BUHIBUHI        9216
        53      0.747917718328    10  F     0.13370
 BUHIBUHI        9216
        54      5.674075183899     2  F     0.01762
 BUHIBUHI        9216
        55      0.096255082512     3  T     0.30000
 BUHIBUHI        9216
        56      0.275337751525     4  F     0.30000
 BUHIBUHI        9216
        57      0.068582127551     5  T     0.30000
 BUHIBUHI        9216
        58      0.058449278155     6  T     0.30000
 BUHIBUHI        9216
        59      0.049845157028     7  T     0.30000
 BUHIBUHI        9216
        60      0.180010857249     8  F     0.30000
 BUHIBUHI        9216
        61      0.246472424451     9  F     0.30000
 BUHIBUHI        9216
        62      0.186281001976    10  F     0.30000
 BUHIBUHI        9216
        63      0.418098885377    10  F     0.23918
 BUHIBUHI        9216
        64      0.078975312179    10  F     0.30000
 BUHIBUHI        9216
        65      1.945476881011     2  F     0.05140
 BUHIBUHI        9216
        66      0.054137964616     3  T     0.30000
 BUHIBUHI        9216
        67      0.132188061222     4  F     0.30000
 BUHIBUHI        9216
        68      1.167932534199     2  F     0.08562
 BUHIBUHI        9216
        69      0.069306742206     3  T     0.30000
 BUHIBUHI        9216
        70      0.155267688426     4  F     0.30000
 BUHIBUHI        9216
        71      0.219826011674     5  F     0.30000
 BUHIBUHI        9216
        72      0.205901544931     6  F     0.30000
 BUHIBUHI        9216
        73      0.254687715087     7  F     0.30000
 BUHIBUHI        9216
        74      0.372458112490     8  F     0.26849
 BUHIBUHI        9216
        75      0.369557595501     9  F     0.27059
 BUHIBUHI        9216
        76      0.348693599709    10  F     0.28678
 BUHIBUHI        9216
        77      0.312068526722    10  F     0.30000
 BUHIBUHI        9216
        78      0.297893877876    10  F     0.30000
 BUHIBUHI        9216
        79      0.492763790180    10  F     0.20294
 BUHIBUHI        9216
        80      0.420281676550    10  F     0.23794
 BUHIBUHI        9216
        81      0.184436810992    10  F     0.30000
 BUHIBUHI        9216
        82      0.538891171498    10  F     0.18557
 BUHIBUHI        9216
        83      0.643301020064    10  F     0.15545
 BUHIBUHI        9216
        84      0.471532667305    10  F     0.21207
 BUHIBUHI        9216
        85      1.797746545273     2  F     0.05563
 BUHIBUHI        9216
        86      0.206219911679     3  T     0.30000
 BUHIBUHI        9216
        87      0.087003829385     4  T     0.30000
 BUHIBUHI        9216
        88      0.671569283884     5  F     0.14890
 BUHIBUHI        9216
        89      1.258052035593     2  F     0.07949
 BUHIBUHI        9216
        90      0.066576338609     3  T     0.30000
 BUHIBUHI        9216
        91      1.200740713796     2  F     0.08328
 BUHIBUHI        9216
        92      0.083645570126     3  T     0.30000
 BUHIBUHI        9216
        93      0.941486014615     2  F     0.10622
 BUHIBUHI        9216
        94      0.133121575559     3  T     0.30000
 BUHIBUHI        9216
        95      2.058407976150     2  F     0.04858
 BUHIBUHI        9216
        96      0.155887379827     3  T     0.30000
 BUHIBUHI        9216
        97      1.159835250441     4  F     0.08622
 BUHIBUHI        9216
        98      0.507904722615     5  F     0.19689
 BUHIBUHI        9216
        99      0.588940844008     6  F     0.16980
 BUHIBUHI        9216
       100      0.865745398341     7  F     0.11551
 BUHIBUHI        9216
       101      0.215209698703     8  F     0.30000
 BUHIBUHI        9216
       102      0.357505912529     9  F     0.27972
 BUHIBUHI        9216
       103      0.353284568034    10  F     0.28306
 BUHIBUHI        9216
       104      0.288270543829    10  F     0.30000
 BUHIBUHI        9216
       105      0.303967871842    10  F     0.30000
 BUHIBUHI        9216
       106      0.312439259761    10  F     0.30000
 BUHIBUHI        9216
       107      0.316170330187    10  F     0.30000
 BUHIBUHI        9216
       108      0.295957593061    10  F     0.30000
 BUHIBUHI        9216
       109      0.305850999030    10  F     0.30000
 BUHIBUHI        9216
       110      0.287105247463    10  F     0.30000
 BUHIBUHI        9216
       111      0.187682883983    10  F     0.30000
 BUHIBUHI        9216
       112      0.148515548396    10  T     0.30000
 BUHIBUHI        9216
       113      0.406608753898    10  F     0.24594
 BUHIBUHI        9216
       114      0.485023814149    10  F     0.20618
 BUHIBUHI        9216
       115      0.567193785532    10  F     0.17631
 BUHIBUHI        9216
       116      0.365131452027    10  F     0.27387
 BUHIBUHI        9216
       117      0.065005598606    10  T     0.30000
 BUHIBUHI        9216
       118      0.247423971039    10  F     0.30000
 BUHIBUHI        9216
       119      0.265708346590    10  F     0.30000
 BUHIBUHI        9216
       120      0.274327722402    10  F     0.30000
 BUHIBUHI        9216
       121      0.236401413628    10  F     0.30000
 BUHIBUHI        9216
       122      0.251175404983    10  F     0.30000
 BUHIBUHI        9216
       123      0.257448606723    10  F     0.30000
 BUHIBUHI        9216
       124      0.257335995752    10  F     0.30000
 BUHIBUHI        9216
       125      0.255914494094    10  F     0.30000
 BUHIBUHI        9216
       126      0.224433155543    10  F     0.30000
 BUHIBUHI        9216
       127      0.230965322071    10  F     0.30000
 BUHIBUHI        9216
       128      1.230375796609     2  F     0.08128
 BUHIBUHI        9216
       129      0.205677573775     3  T     0.30000
 BUHIBUHI        9216
       130      0.253066325478     4  F     0.30000
 BUHIBUHI        9216
       131      0.440380173277     5  F     0.22708
 BUHIBUHI        9216
       132      0.251081739366     6  F     0.30000
 BUHIBUHI        9216
       133      0.258214743399     7  F     0.30000
 BUHIBUHI        9216
       134      0.252883442546     8  F     0.30000
 BUHIBUHI        9216
       135      0.286744460927     9  F     0.30000
 BUHIBUHI        9216
       136      0.296512165937    10  F     0.30000
 BUHIBUHI        9216
       137      0.281724859999    10  F     0.30000
 BUHIBUHI        9216
       138      0.314333474986    10  F     0.30000
 BUHIBUHI        9216
       139      0.360392864199    10  F     0.27747
 BUHIBUHI        9216
       140      0.350498001043    10  F     0.28531
 BUHIBUHI        9216
       141      0.282307955194    10  F     0.30000
 BUHIBUHI        9216
       142      0.345565350238    10  F     0.28938
 BUHIBUHI        9216
       143      0.131136546185    10  T     0.30000
 BUHIBUHI        9216
       144      0.383978486399    10  F     0.26043
 BUHIBUHI        9216
       145      0.190563128110    10  F     0.30000
 BUHIBUHI        9216
       146      0.299053689510    10  F     0.30000
 BUHIBUHI        9216
       147      0.334566956340    10  F     0.29889
 BUHIBUHI        9216
       148      0.417695188494    10  F     0.23941
 BUHIBUHI        9216
       149      0.458847755363    10  F     0.21794
 BUHIBUHI        9216
       150      0.442053951232    10  F     0.22622
 BUHIBUHI        9216
       151      0.885882722047    10  F     0.11288
 BUHIBUHI        9216
       152      0.601010305545    10  F     0.16639
 BUHIBUHI        9216
       153     41.386338916428     2  F     0.00242
 BUHIBUHI        9216
       154      0.382875900681     3  T     0.26118
 BUHIBUHI        9216
       155      0.369556534257     4  T     0.27059
 BUHIBUHI        9216
       156      0.466128488695     5  F     0.21453
 BUHIBUHI        9216
       157      0.622849107098     6  F     0.16055
 BUHIBUHI        9216
       158      1.275461942301     7  F     0.07840
 BUHIBUHI        9216
       159      1.207474009795     8  F     0.08282
 BUHIBUHI        9216
       160      0.751157168531     9  F     0.13313
 BUHIBUHI        9216
       161      0.445261686087    10  F     0.22459
 BUHIBUHI        9216
       162      0.441700436935    10  F     0.22640
 BUHIBUHI        9216
       163      0.497874411139    10  F     0.20085
 BUHIBUHI        9216
       164      0.811260277043    10  F     0.12327
 BUHIBUHI        9216
       165      0.540589481142    10  F     0.18498
 BUHIBUHI        9216
       166      0.448936520312    10  F     0.22275
 BUHIBUHI        9216
       167      0.291683752598    10  T     0.30000
 BUHIBUHI        9216
       168      0.227793363630    10  T     0.30000
 BUHIBUHI        9216
       169      0.367472032968    10  F     0.27213
 BUHIBUHI        9216
       170      0.364216939089    10  F     0.27456
 BUHIBUHI        9216
       171      0.376051061544    10  F     0.26592
 BUHIBUHI        9216
       172      0.444521374790    10  F     0.22496
 BUHIBUHI        9216
       173      0.437593928312    10  F     0.22852
 BUHIBUHI        9216
       174      0.373170066632    10  F     0.26797
 BUHIBUHI        9216
       175      0.704963246089    10  F     0.14185
 BUHIBUHI        9216
       176      0.192683642510    10  T     0.30000
 BUHIBUHI        9216
       177      0.409553440824    10  F     0.24417
 BUHIBUHI        9216
       178      0.415529596114    10  F     0.24066
 BUHIBUHI        9216
       179      0.355251524182    10  F     0.28149
 BUHIBUHI        9216
       180      1.154874025099    10  F     0.08659
 BUHIBUHI        9216
       181      0.254865570283    10  F     0.30000
 BUHIBUHI        9216
       182      0.379960605417    10  F     0.26319
 BUHIBUHI        9216
       183      0.389196349009    10  F     0.25694
 BUHIBUHI        9216
       184      0.409322394970    10  F     0.24431
 BUHIBUHI        9216
       185      0.397971212883    10  F     0.25127
 BUHIBUHI        9216
       186      0.409617385005    10  F     0.24413
 BUHIBUHI        9216
       187      0.361918421093    10  F     0.27631
 BUHIBUHI        9216
       188      0.333667831001    10  F     0.29970
 BUHIBUHI        9216
       189      0.450999163467    10  F     0.22173
 BUHIBUHI        9216
       190      0.458609264383    10  F     0.21805
 BUHIBUHI        9216
       191      0.080312400876    10  T     0.30000
 BUHIBUHI        9216
       192      4.646270389403     2  F     0.02152
 BUHIBUHI        9216
       193      0.068120082163     3  T     0.30000
 BUHIBUHI        9216
       194      0.068492235414     4  F     0.30000
 BUHIBUHI        9216
       195      0.139949231493     5  F     0.30000
 BUHIBUHI        9216
       196      0.138285061525     6  F     0.30000
 BUHIBUHI        9216
       197      0.243217671442     7  F     0.30000
 BUHIBUHI        9216
       198      0.154637948057     8  F     0.30000
 BUHIBUHI        9216
       199      0.032480617807     9  T     0.30000
 BUHIBUHI        9216
       200      0.032156845306    10  T     0.30000
 BUHIBUHI        9216
       201      0.030921678922    10  T     0.30000
 BUHIBUHI        9216
       202      0.056048396697    10  F     0.30000
 BUHIBUHI        9216
       203      0.126482380582    10  F     0.30000
 BUHIBUHI        9216
       204      0.289505100273    10  F     0.30000
 BUHIBUHI        9216
       205      0.328415766129     2  F     0.30000
 BUHIBUHI        9216
       206      0.102006055222     3  T     0.30000
 BUHIBUHI        9216
       207      0.069884094933     4  T     0.30000
 BUHIBUHI        9216
       208      0.120400106553     5  F     0.30000
 BUHIBUHI        9216
       209      0.210426455599     6  F     0.30000
 BUHIBUHI        9216
       210      0.237632986577     7  F     0.30000
 BUHIBUHI        9216
       211      0.228930365030     8  F     0.30000
 BUHIBUHI        9216
       212      0.281227415790     9  F     0.30000
 BUHIBUHI        9216
       213      0.255116809445    10  F     0.30000
 BUHIBUHI        9216
       214      0.223570182002    10  F     0.30000
 BUHIBUHI        9216
       215      0.152520866179    10  F     0.30000
 BUHIBUHI        9216
       216      2.924823217584     2  F     0.03419
 BUHIBUHI        9216
       217      0.063156676109     3  T     0.30000
 BUHIBUHI        9216
       218      0.075632916008     4  F     0.30000
 BUHIBUHI        9216
       219      0.127795689132     5  F     0.30000
 BUHIBUHI        9216
       220      0.153307039525     6  F     0.30000
 BUHIBUHI        9216
       221      0.143435455495     7  F     0.30000
 BUHIBUHI        9216
       222      0.145877040739     8  F     0.30000
 BUHIBUHI        9216
       223      0.141127831393     9  F     0.30000
 BUHIBUHI        9216
       224      0.140926486215    10  F     0.30000
 BUHIBUHI        9216
       225      0.130731905089    10  F     0.30000
 BUHIBUHI        9216
       226      0.139106783148    10  F     0.30000
 BUHIBUHI        9216
       227      0.227339689838    10  F     0.30000
 BUHIBUHI        9216
       228      0.100959164916    10  F     0.30000
 BUHIBUHI        9216
       229      0.497424404099    10  F     0.20104
 BUHIBUHI        9216
       230      0.459718494899    10  F     0.21752
 BUHIBUHI        9216
       231      0.330650614241    10  F     0.30000
 BUHIBUHI        9216
       232      0.151583528654    10  F     0.30000
 BUHIBUHI        9216
       233      0.201906746477    10  F     0.30000
 BUHIBUHI        9216
       234      0.242540301699    10  F     0.30000
 BUHIBUHI        9216
       235      0.153095478039    10  F     0.30000
 BUHIBUHI        9216
       236      0.025688400055    10  T     0.30000
 BUHIBUHI        9216
       237      0.138664205039    10  F     0.30000
 BUHIBUHI        9216
       238      0.225501997539    10  F     0.30000
 BUHIBUHI        9216
       239      0.139357791899    10  F     0.30000
 BUHIBUHI        9216
       240      0.372229690537     2  F     0.26865
 BUHIBUHI        9216
       241      0.091834398134     3  T     0.30000
 BUHIBUHI        9216
       242      0.072313173944     4  T     0.30000
 BUHIBUHI        9216
       243      0.066953906208     5  T     0.30000
 BUHIBUHI        9216
       244      0.047831690033     6  T     0.30000
 BUHIBUHI        9216
       245      0.067762125396     7  F     0.30000
 BUHIBUHI        9216
       246      0.314619969346     8  F     0.30000
 BUHIBUHI        9216
       247      0.063535993405     9  F     0.30000
 BUHIBUHI        9216
       248      0.088967986156    10  F     0.30000
 BUHIBUHI        9216
       249      0.176101695104    10  F     0.30000
 BUHIBUHI        9216
       250      0.122199978803    10  F     0.30000
 BUHIBUHI        9216
       251      0.182300115747    10  F     0.30000
 BUHIBUHI        9216
       252      0.182799145621    10  F     0.30000
 BUHIBUHI        9216
       253      0.167382098622    10  F     0.30000
 BUHIBUHI        9216
       254      0.156806767864    10  F     0.30000
 BUHIBUHI        9216
       255      0.161664502203    10  F     0.30000
 BUHIBUHI        9216
       256      0.167266833424    10  F     0.30000
 BUHIBUHI        9216
       257      0.166079100038    10  F     0.30000
 BUHIBUHI        9216
       258      0.223429884852    10  F     0.30000
 BUHIBUHI        9216
       259      0.160690108335    10  F     0.30000
 BUHIBUHI        9216
       260      0.176330293184    10  F     0.30000
 BUHIBUHI        9216
       261      0.186000175368    10  F     0.30000
 BUHIBUHI        9216
       262      0.147030817995    10  F     0.30000
 BUHIBUHI        9216
       263      0.164133897841    10  F     0.30000
 BUHIBUHI        9216
       264      0.171355626700    10  F     0.30000
 BUHIBUHI        9216
       265      0.082124434250    10  F     0.30000
 BUHIBUHI        9216
       266      0.274319784506    10  F     0.30000
 BUHIBUHI        9216
       267      0.184867121017    10  F     0.30000
 BUHIBUHI        9216
       268      0.189157295205    10  F     0.30000
 BUHIBUHI        9216
       269      0.156478859283    10  F     0.30000
 BUHIBUHI        9216
       270      0.096807263814    10  F     0.30000
 BUHIBUHI        9216
       271      0.082556168505    10  F     0.30000
 BUHIBUHI        9216
       272      0.063001879224    10  F     0.30000
 BUHIBUHI        9216
       273      0.107109285136    10  F     0.30000
 BUHIBUHI        9216
       274      0.020467331176    10  T     0.30000
 BUHIBUHI        9216
       275      0.016448682616    10  T     0.30000
 BUHIBUHI        9216
       276      0.008834266205    10  T     0.30000
 BUHIBUHI        9216
       277      0.045670309577    10  F     0.30000
 BUHIBUHI        9216
       278      0.045925336165    10  F     0.30000
 BUHIBUHI        9216
       279      0.043415761917    10  F     0.30000
 BUHIBUHI        9216
       280      0.039788109532    10  F     0.30000
 BUHIBUHI        9216
       281      0.030374522901    10  F     0.30000
 BUHIBUHI        9216
       282      0.005284461643    10  T     0.30000
 BUHIBUHI        9216
       283      0.000555221604    10  T     0.30000
 BUHIBUHI        9216
       284      0.000187557940    10  T     0.30000
 BUHIBUHI        9216
       285      0.001368619450    10  F     0.30000
 BUHIBUHI        9216
       286      0.000236544674    10  F     0.30000
 BUHIBUHI        9216
       287      0.000208252338    10  F     0.30000
 BUHIBUHI        9216
       288      0.000812159779    10  F     0.30000
 BUHIBUHI        9216
       289      0.000062726231    10  T     0.30000
 BUHIBUHI        9216
       290      0.000049329920    10  T     0.30000
 BUHIBUHI        9216
       291      0.000006538977     0  X    CONVERGED

    RISM CYCLE IS CONVERGED

    ========== V-V 1DRISM ==========

    Temperature      : 298.00000[K]
    Charge Up Factor :   1.00000
 BUHIBUHI        9216

   ITR      RESIDUAL       #-SUB MIN      DUMP
 BUHIBUHI        9216
         1      1.353421377467     1  T     0.07389
 BUHIBUHI        9216
         2      1.057925055552     2  T     0.09452
 BUHIBUHI        9216
         3      1.309275105215     3  F     0.07638
 BUHIBUHI        9216
         4      0.759592975084     4  T     0.13165
 BUHIBUHI        9216
         5      1.152031246244     5  F     0.08680
 BUHIBUHI        9216
         6      0.807651808075     6  F     0.12382
 BUHIBUHI        9216
         7      0.357798376882     7  T     0.27949
 BUHIBUHI        9216
         8      0.618969070874     8  F     0.16156
 BUHIBUHI        9216
         9     11.891332316285     2  F     0.00841
 BUHIBUHI        9216
        10      0.400474934230     3  T     0.24970
 BUHIBUHI        9216
        11      0.918576558183     4  F     0.10886
 BUHIBUHI        9216
        12     31.982608177541     2  F     0.00313
 BUHIBUHI        9216
        13      0.428199040459     3  T     0.23354
 BUHIBUHI        9216
        14      1.109578123530     4  F     0.09012
 BUHIBUHI        9216
        15      1.031437952530     5  F     0.09695
 BUHIBUHI        9216
        16      1.575929816521     6  F     0.06345
 BUHIBUHI        9216
        17      1.035542428754     7  F     0.09657
 BUHIBUHI        9216
        18      1.208188979359     8  F     0.08277
 BUHIBUHI        9216
        19      1.138423274025     9  F     0.08784
 BUHIBUHI        9216
        20      0.914725180932    10  F     0.10932
 BUHIBUHI        9216
        21      0.956942321567    10  F     0.10450
 BUHIBUHI        9216
        22      0.848606779841    10  F     0.11784
 BUHIBUHI        9216
        23      1.203255529393    10  F     0.08311
 BUHIBUHI        9216
        24      1.043585330638    10  F     0.09582
 BUHIBUHI        9216
        25      0.486164037325    10  F     0.20569
 BUHIBUHI        9216
        26      0.329823765941    10  T     0.30000
 BUHIBUHI        9216
        27      0.772050247170    10  F     0.12953
 BUHIBUHI        9216
        28      0.443917274325    10  F     0.22527
 BUHIBUHI        9216
        29      0.984933375240    10  F     0.10153
 BUHIBUHI        9216
        30      0.822763351151    10  F     0.12154
 BUHIBUHI        9216
        31      0.950682576642    10  F     0.10519
 BUHIBUHI        9216
        32      1.287422563367    10  F     0.07767
 BUHIBUHI        9216
        33      1.703102959912    10  F     0.05872
 BUHIBUHI        9216
        34      0.993116469940    10  F     0.10069
 BUHIBUHI        9216
        35      0.912621852634    10  F     0.10957
 BUHIBUHI        9216
        36      1.731962300027    10  F     0.05774
 BUHIBUHI        9216
        37      0.881881706691    10  F     0.11339
 BUHIBUHI        9216
        38      0.652709298561    10  F     0.15321
 BUHIBUHI        9216
        39      1.162933132364    10  F     0.08599
 BUHIBUHI        9216
        40      0.864527857371    10  F     0.11567
 BUHIBUHI        9216
        41      0.901108424792    10  F     0.11097
 BUHIBUHI        9216
        42      0.860991976159    10  F     0.11615
 BUHIBUHI        9216
        43      0.835650396684    10  F     0.11967
 BUHIBUHI        9216
        44      0.805570086184    10  F     0.12414
 BUHIBUHI        9216
        45      0.817371536140    10  F     0.12234
 BUHIBUHI        9216
        46      0.952618401618    10  F     0.10497
 BUHIBUHI        9216
        47      0.733061731556    10  F     0.13641
 BUHIBUHI        9216
        48      0.951436764107    10  F     0.10510
 BUHIBUHI        9216
        49      0.603394980862    10  F     0.16573
 BUHIBUHI        9216
        50      0.666067348804    10  F     0.15013
 BUHIBUHI        9216
        51      0.766090177261    10  F     0.13053
 BUHIBUHI        9216
        52      0.675726709924    10  F     0.14799
 BUHIBUHI        9216
        53      0.566795160047    10  F     0.17643
 BUHIBUHI        9216
        54      1.705144607641    10  F     0.05865
 BUHIBUHI        9216
        55      0.690074150931    10  F     0.14491
 BUHIBUHI        9216
        56      0.610501808077    10  F     0.16380
 BUHIBUHI        9216
        57      0.744558585221    10  F     0.13431
 BUHIBUHI        9216
        58      0.742068272987    10  F     0.13476
 BUHIBUHI        9216
        59      0.700162089565    10  F     0.14282
 BUHIBUHI        9216
        60      1.063431564416    10  F     0.09404
 BUHIBUHI        9216
        61      0.423079064811    10  F     0.23636
 BUHIBUHI        9216
        62      1.058551074240    10  F     0.09447
 BUHIBUHI        9216
        63      0.977108223097    10  F     0.10234
 BUHIBUHI        9216
        64      0.670998833209    10  F     0.14903
 BUHIBUHI        9216
        65      0.760457948352    10  F     0.13150
 BUHIBUHI        9216
        66      0.746749532089    10  F     0.13391
 BUHIBUHI        9216
        67      0.791041210064    10  F     0.12642
 BUHIBUHI        9216
        68      0.463135999137    10  F     0.21592
 BUHIBUHI        9216
        69      0.757835053358    10  F     0.13195
 BUHIBUHI        9216
        70      0.370270615203    10  F     0.27007
 BUHIBUHI        9216
        71      0.403231370972    10  F     0.24800
 BUHIBUHI        9216
        72      0.373584361862    10  F     0.26768
 BUHIBUHI        9216
        73      7.354397866641     2  F     0.01360
 BUHIBUHI        9216
        74      0.762491367709     3  T     0.13115
 BUHIBUHI        9216
        75      0.598701278235     4  T     0.16703
 BUHIBUHI        9216
        76      0.697090244263     5  F     0.14345
 BUHIBUHI        9216
        77      0.910321995741     6  F     0.10985
 BUHIBUHI        9216
        78      3.258584633884     7  F     0.03069
 BUHIBUHI        9216
        79      0.901207359171     8  F     0.11096
 BUHIBUHI        9216
        80      1.029918953941     9  F     0.09710
 BUHIBUHI        9216
        81      1.945798779700    10  F     0.05139
 BUHIBUHI        9216
        82     27.718591022353     2  F     0.00361
 BUHIBUHI        9216
        83      0.596382756346     3  T     0.16768
 BUHIBUHI        9216
        84      1.074059972338     4  F     0.09310
 BUHIBUHI        9216
        85      0.944226215941     5  F     0.10591
 BUHIBUHI        9216
        86      0.580612562241     6  T     0.17223
 BUHIBUHI        9216
        87      0.821339627269     7  F     0.12175
 BUHIBUHI        9216
        88      0.896883898262     8  F     0.11150
 BUHIBUHI        9216
        89      0.836258098706     9  F     0.11958
 BUHIBUHI        9216
        90      1.077611471157    10  F     0.09280
 BUHIBUHI        9216
        91      0.698030444304    10  F     0.14326
 BUHIBUHI        9216
        92      2.463686097842    10  F     0.04059
 BUHIBUHI        9216
        93      0.807977313017    10  F     0.12377
 BUHIBUHI        9216
        94      0.744439360773    10  F     0.13433
 BUHIBUHI        9216
        95      0.709408141887    10  F     0.14096
 BUHIBUHI        9216
        96      0.817259639294    10  F     0.12236
 BUHIBUHI        9216
        97      1.220509400164    10  F     0.08193
 BUHIBUHI        9216
        98      1.808967688287    10  F     0.05528
 BUHIBUHI        9216
        99      2.024111083522    10  F     0.04940
 BUHIBUHI        9216
       100      0.843793127818    10  F     0.11851
 BUHIBUHI        9216
       101      1.132026216849    10  F     0.08834
 BUHIBUHI        9216
       102      0.863070668530    10  F     0.11587
 BUHIBUHI        9216
       103      0.878215610541    10  F     0.11387
 BUHIBUHI        9216
       104      1.009472223950    10  F     0.09906
 BUHIBUHI        9216
       105      0.922638946843    10  F     0.10838
 BUHIBUHI        9216
       106      0.890683064927    10  F     0.11227
 BUHIBUHI        9216
       107      0.890949411419    10  F     0.11224
 BUHIBUHI        9216
       108      1.907775876150    10  F     0.05242
 BUHIBUHI        9216
       109      0.825132152391    10  F     0.12119
 BUHIBUHI        9216
       110      3.350976641113    10  F     0.02984
 BUHIBUHI        9216
       111      0.915000890327    10  F     0.10929
 BUHIBUHI        9216
       112      1.127598058072    10  F     0.08868
 BUHIBUHI        9216
       113      1.630200610610    10  F     0.06134
 BUHIBUHI        9216
       114      0.851171864741    10  F     0.11749
 BUHIBUHI        9216
       115      0.790509835766    10  F     0.12650
 BUHIBUHI        9216
       116      0.597720221597    10  F     0.16730
 BUHIBUHI        9216
       117      0.533112437080    10  T     0.18758
 BUHIBUHI        9216
       118      1.357924725867    10  F     0.07364
 BUHIBUHI        9216
       119      0.849364781373    10  F     0.11774
 BUHIBUHI        9216
       120      0.937960742992    10  F     0.10661
 BUHIBUHI        9216
       121      0.495395974129    10  T     0.20186
 BUHIBUHI        9216
       122      0.930394796794    10  F     0.10748
 BUHIBUHI        9216
       123      0.889433833265    10  F     0.11243
 BUHIBUHI        9216
       124      0.822944027680    10  F     0.12151
 BUHIBUHI        9216
       125      0.849325758720    10  F     0.11774
 BUHIBUHI        9216
       126      0.423510252670    10  T     0.23612
 BUHIBUHI        9216
       127      0.884489123856    10  F     0.11306
 BUHIBUHI        9216
       128      0.849446835210    10  F     0.11772
 BUHIBUHI        9216
       129      0.874793121538    10  F     0.11431
 BUHIBUHI        9216
       130      0.878095030796    10  F     0.11388
 BUHIBUHI        9216
       131      0.767792364761    10  F     0.13024
 BUHIBUHI        9216
       132      0.989027474161    10  F     0.10111
 BUHIBUHI        9216
       133      1.346687531768    10  F     0.07426
 BUHIBUHI        9216
       134      0.971073727946    10  F     0.10298
 BUHIBUHI        9216
       135      0.997065712510    10  F     0.10029
 BUHIBUHI        9216
       136      0.700573500828    10  F     0.14274
 BUHIBUHI        9216
       137      0.885928165813    10  F     0.11288
 BUHIBUHI        9216
       138      0.896977110638    10  F     0.11149
 BUHIBUHI        9216
       139      0.846176306876    10  F     0.11818
 BUHIBUHI        9216
       140      0.776465493332    10  F     0.12879
 BUHIBUHI        9216
       141      0.806766413962    10  F     0.12395
 BUHIBUHI        9216
       142      0.733047388851    10  F     0.13642
 BUHIBUHI        9216
       143      0.832730939809    10  F     0.12009
 BUHIBUHI        9216
       144      0.879969981402    10  F     0.11364
 BUHIBUHI        9216
       145      2.345241018612    10  F     0.04264
 BUHIBUHI        9216
       146      1.348450051002    10  F     0.07416
 BUHIBUHI        9216
       147      0.559927318892    10  F     0.17859
 BUHIBUHI        9216
       148      0.327240396533    10  T     0.30000
 BUHIBUHI        9216
       149      1.008942543195    10  F     0.09911
 BUHIBUHI        9216
       150      1.276026211985    10  F     0.07837
 BUHIBUHI        9216
       151     13.566546800425     2  F     0.00737
 BUHIBUHI        9216
       152      0.399117919023     3  T     0.25055
 BUHIBUHI        9216
       153      0.774216784212     4  F     0.12916
 BUHIBUHI        9216
       154      0.810115311951     5  F     0.12344
 BUHIBUHI        9216
       155      1.224417562695     6  F     0.08167
 BUHIBUHI        9216
       156      1.026566382861     7  F     0.09741
 BUHIBUHI        9216
       157      0.800624092452     8  F     0.12490
 BUHIBUHI        9216
       158      1.039921534846     9  F     0.09616
 BUHIBUHI        9216
       159      1.414745736238    10  F     0.07068
 BUHIBUHI        9216
       160      1.253982451983    10  F     0.07975
 BUHIBUHI        9216
       161      1.001324432627    10  F     0.09987
 BUHIBUHI        9216
       162      0.620973500674    10  F     0.16104
 BUHIBUHI        9216
       163      0.575988307949    10  F     0.17361
 BUHIBUHI        9216
       164      1.818735952976    10  F     0.05498
 BUHIBUHI        9216
       165      0.868622508243    10  F     0.11512
 BUHIBUHI        9216
       166      0.928418566172    10  F     0.10771
 BUHIBUHI        9216
       167      0.926666292180    10  F     0.10791
 BUHIBUHI        9216
       168      0.967101582653    10  F     0.10340
 BUHIBUHI        9216
       169      1.146063721479    10  F     0.08726
 BUHIBUHI        9216
       170      0.909812276842    10  F     0.10991
 BUHIBUHI        9216
       171      1.153861051680    10  F     0.08667
 BUHIBUHI        9216
       172      0.947041584948    10  F     0.10559
 BUHIBUHI        9216
       173      0.920964455841    10  F     0.10858
 BUHIBUHI        9216
       174      0.856263076684    10  F     0.11679
 BUHIBUHI        9216
       175      0.812681344053    10  F     0.12305
 BUHIBUHI        9216
       176      0.757314436621    10  F     0.13205
 BUHIBUHI        9216
       177      0.922095969613    10  F     0.10845
 BUHIBUHI        9216
       178      3.428476420450    10  F     0.02917
 BUHIBUHI        9216
       179      0.832414076168    10  F     0.12013
 BUHIBUHI        9216
       180     10.581535435154     2  F     0.00945
 BUHIBUHI        9216
       181      0.801894132904     3  T     0.12470
 BUHIBUHI        9216
       182      0.909716129726     4  F     0.10992
 BUHIBUHI        9216
       183      0.965924229190     5  F     0.10353
 BUHIBUHI        9216
       184      0.991168182365     6  F     0.10089
 BUHIBUHI        9216
       185      0.798871193868     7  T     0.12518
 BUHIBUHI        9216
       186      0.620869086600     8  T     0.16106
 BUHIBUHI        9216
       187      1.045774142758     9  F     0.09562
 BUHIBUHI        9216
       188      0.955440218819    10  F     0.10466
 BUHIBUHI        9216
       189      0.853163652525    10  F     0.11721
 BUHIBUHI        9216
       190      0.927208081204    10  F     0.10785
 BUHIBUHI        9216
       191      0.668977822075    10  F     0.14948
 BUHIBUHI        9216
       192      0.688317111715    10  F     0.14528
 BUHIBUHI        9216
       193      1.078264839992    10  F     0.09274
 BUHIBUHI        9216
       194      1.003561904632    10  F     0.09965
 BUHIBUHI        9216
       195      1.058093155078    10  F     0.09451
 BUHIBUHI        9216
       196      0.941490313374    10  F     0.10621
 BUHIBUHI        9216
       197      1.078797738648    10  F     0.09270
 BUHIBUHI        9216
       198      1.164334988211    10  F     0.08589
 BUHIBUHI        9216
       199      2.710394314960    10  F     0.03690
 BUHIBUHI        9216
       200      0.225038639028    10  T     0.30000
 BUHIBUHI        9216
       201      0.906448193924    10  F     0.11032
 BUHIBUHI        9216
       202      2.317161514110     2  F     0.04316
 BUHIBUHI        9216
       203      0.591356407105     3  T     0.16910
 BUHIBUHI        9216
       204      0.929914884054     4  F     0.10754
 BUHIBUHI        9216
       205      0.907775257619     5  F     0.11016
 BUHIBUHI        9216
       206      3.875274256628     6  F     0.02580
 BUHIBUHI        9216
       207      1.045245546665     7  F     0.09567
 BUHIBUHI        9216
       208      0.477493979500     8  T     0.20943
 BUHIBUHI        9216
       209      0.712279981337     9  F     0.14039
 BUHIBUHI        9216
       210      0.805935753695    10  F     0.12408
 BUHIBUHI        9216
       211      0.827324361592    10  F     0.12087
 BUHIBUHI        9216
       212      0.779538565638    10  F     0.12828
 BUHIBUHI        9216
       213      0.779628885080    10  F     0.12827
 BUHIBUHI        9216
       214      1.059344477055    10  F     0.09440
 BUHIBUHI        9216
       215      0.880192456006    10  F     0.11361
 BUHIBUHI        9216
       216      0.888507509355    10  F     0.11255
 BUHIBUHI        9216
       217      0.909655805535    10  F     0.10993
 BUHIBUHI        9216
       218      0.901890941553    10  F     0.11088
 BUHIBUHI        9216
       219      0.788250038239    10  F     0.12686
 BUHIBUHI        9216
       220      0.922624459264    10  F     0.10839
 BUHIBUHI        9216
       221      0.727310478264    10  F     0.13749
 BUHIBUHI        9216
       222      1.035019276369    10  F     0.09662
 BUHIBUHI        9216
       223      0.776173440941    10  F     0.12884
 BUHIBUHI        9216
       224      0.854768025026    10  F     0.11699
 BUHIBUHI        9216
       225      0.948217248903    10  F     0.10546
 BUHIBUHI        9216
       226      0.858970592165    10  F     0.11642
 BUHIBUHI        9216
       227      0.897134212536    10  F     0.11147
 BUHIBUHI        9216
       228      0.987794676793    10  F     0.10124
 BUHIBUHI        9216
       229      0.956591212774    10  F     0.10454
 BUHIBUHI        9216
       230      1.032814204187    10  F     0.09682
 BUHIBUHI        9216
       231      0.726932190613    10  F     0.13756
 BUHIBUHI        9216
       232      0.997259732904    10  F     0.10027
 BUHIBUHI        9216
       233      1.400128133422    10  F     0.07142
 BUHIBUHI        9216
       234      0.975594854604    10  F     0.10250
 BUHIBUHI        9216
       235      1.449678065233    10  F     0.06898
 BUHIBUHI        9216
       236      0.589686487472    10  F     0.16958
 BUHIBUHI        9216
       237      0.678040371458    10  F     0.14748
 BUHIBUHI        9216
       238      2.131539477835    10  F     0.04691
 BUHIBUHI        9216
       239      0.717342123871    10  F     0.13940
 BUHIBUHI        9216
       240      6.838805294757     2  F     0.01462
 BUHIBUHI        9216
       241      0.986863417787     3  T     0.10133
 BUHIBUHI        9216
       242      1.112560919078     4  F     0.08988
 BUHIBUHI        9216
       243      1.603090560578     5  F     0.06238
 BUHIBUHI        9216
       244      0.597626277705     6  T     0.16733
 BUHIBUHI        9216
       245      1.113019529177     7  F     0.08985
 BUHIBUHI        9216
       246      0.908244245354     8  F     0.11010
 BUHIBUHI        9216
       247      0.901810578088     9  F     0.11089
 BUHIBUHI        9216
       248      0.704653772524    10  F     0.14191
 BUHIBUHI        9216
       249      0.699005383426    10  F     0.14306
 BUHIBUHI        9216
       250      0.877871546388    10  F     0.11391
 BUHIBUHI        9216
       251      1.064191386299    10  F     0.09397
 BUHIBUHI        9216
       252      1.031313059913    10  F     0.09696
 BUHIBUHI        9216
       253      1.247890490686    10  F     0.08014
 BUHIBUHI        9216
       254      1.401017128617    10  F     0.07138
 BUHIBUHI        9216
       255      0.972356571242    10  F     0.10284
 BUHIBUHI        9216
       256      0.566443682217    10  T     0.17654
 BUHIBUHI        9216
       257      1.188348971982    10  F     0.08415
 BUHIBUHI        9216
       258      0.790890089090    10  F     0.12644
 BUHIBUHI        9216
       259      0.845020071565    10  F     0.11834
 BUHIBUHI        9216
       260      0.880003457899    10  F     0.11364
 BUHIBUHI        9216
       261      0.847393632618    10  F     0.11801
 BUHIBUHI        9216
       262      0.892400275491    10  F     0.11206
 BUHIBUHI        9216
       263      0.868680125904    10  F     0.11512
 BUHIBUHI        9216
       264      0.892746053402    10  F     0.11201
 BUHIBUHI        9216
       265      0.911102333638    10  F     0.10976
 BUHIBUHI        9216
       266      0.916290227606    10  F     0.10914
 BUHIBUHI        9216
       267      1.121330624455    10  F     0.08918
 BUHIBUHI        9216
       268      1.201177079382    10  F     0.08325
 BUHIBUHI        9216
       269      1.518643185417    10  F     0.06585
 BUHIBUHI        9216
       270      0.783239228758    10  F     0.12767
 BUHIBUHI        9216
       271      0.862379444175    10  F     0.11596
 BUHIBUHI        9216
       272      1.561008168976    10  F     0.06406
 BUHIBUHI        9216
       273      1.067549407529    10  F     0.09367
 BUHIBUHI        9216
       274      1.046604750115    10  F     0.09555
 BUHIBUHI        9216
       275      0.746398928685    10  F     0.13398
 BUHIBUHI        9216
       276      0.862599586169    10  F     0.11593
 BUHIBUHI        9216
       277      0.734058093018    10  F     0.13623
 BUHIBUHI        9216
       278      1.095719827595    10  F     0.09126
 BUHIBUHI        9216
       279      0.851926163820    10  F     0.11738
 BUHIBUHI        9216
       280      0.426930189805    10  T     0.23423
 BUHIBUHI        9216
       281      0.856661895754    10  F     0.11673
 BUHIBUHI        9216
       282      0.941016016542    10  F     0.10627
 BUHIBUHI        9216
       283      0.764864170306    10  F     0.13074
 BUHIBUHI        9216
       284      0.956216300249    10  F     0.10458
 BUHIBUHI        9216
       285      0.794928916465    10  F     0.12580
 BUHIBUHI        9216
       286      0.942166611789    10  F     0.10614
 BUHIBUHI        9216
       287      1.264230411865    10  F     0.07910
 BUHIBUHI        9216
       288      1.109689840743    10  F     0.09012
 BUHIBUHI        9216
       289      2.881379537709    10  F     0.03471
 BUHIBUHI        9216
       290      0.839408659059    10  F     0.11913
 BUHIBUHI        9216
       291      1.054094707878    10  F     0.09487
 BUHIBUHI        9216
       292      0.881315187272    10  F     0.11347
 BUHIBUHI        9216
       293      0.842569711568    10  F     0.11868
 BUHIBUHI        9216
       294      2.245067552955    10  F     0.04454
 BUHIBUHI        9216
       295      0.974995433143    10  F     0.10256
 BUHIBUHI        9216
       296      1.463756780727    10  F     0.06832
 BUHIBUHI        9216
       297      2.727219701509    10  F     0.03667
 BUHIBUHI        9216
       298      0.842633416173    10  F     0.11868
 BUHIBUHI        9216
       299      0.794747321876    10  F     0.12583
 BUHIBUHI        9216
       300      0.998575567943    10  F     0.10014

    RISM CYCLE IS NOT CONVERGED.
    ----- E N D -----
 EXECUTION OF RISMiCal TERMINATED -ABNORMALLY-
 ERROR CODE:      4096
